Sender: LSF System <lsfadmin@ls18>
Subject: Job 4135474: <read_dist_plot> in cluster <lila> Done

Job <read_dist_plot> was submitted from host <lt06> by user <fanslerm> in cluster <lila> at Thu Jun 28 19:34:41 2018.
Job was executed on host(s) <ls18>, in queue <cpuqueue>, as user <fanslerm> in cluster <lila> at Thu Jun 28 19:34:48 2018.
</home/fanslerm> was used as the home directory.
</home/fanslerm/projects/mca> was used as the working directory.
Started at Thu Jun 28 19:34:48 2018.
Terminated at Thu Jun 28 19:34:55 2018.
Results reported at Thu Jun 28 19:34:55 2018.

Your job looked like:

------------------------------------------------------------
# LSBATCH: User input
/lila/home/fanslerm/projects/mca/.snakemake/tmp._jhlwrbg/snakejob.read_dist_plot.44.sh
------------------------------------------------------------

Successfully completed.

Resource usage summary:

    CPU time :                                   3.09 sec.
    Max Memory :                                 -
    Average Memory :                             -
    Total Requested Memory :                     8.00 GB
    Delta Memory :                               -
    Max Swap :                                   -
    Max Processes :                              5
    Max Threads :                                7
    Run time :                                   7 sec.
    Turnaround time :                            14 sec.

The output (if any) follows:

Loading annotation data...
Loaded annotations for 266277 cells from 73 libraries and 42 tissues, comprising 818 clusters.
This included:
	146378 adult cells from 47 libraries and 23 tissues, comprising 499 clusters;
	28828 neonatal cells from 11 libraries and 6 tissues, comprising 124 clusters.
	54272 embryonic cells from 12 libraries and 10 tissues, comprising 183 clusters.
	36799 stem cells from 3 libraries and 3 tissues, comprising 12 clusters.


PS:

Read file <logs/lsf/read_dist_plot/4135474.err> for stderr output of this job.

