Sender: LSF System <lsfadmin@lt05>
Subject: Job 4137616: <read_dist_plot> in cluster <lila> Done

Job <read_dist_plot> was submitted from host <lt06> by user <fanslerm> in cluster <lila> at Sat Jun 30 01:44:58 2018.
Job was executed on host(s) <lt05>, in queue <cpuqueue>, as user <fanslerm> in cluster <lila> at Sat Jun 30 01:45:02 2018.
</home/fanslerm> was used as the home directory.
</home/fanslerm/projects/mca> was used as the working directory.
Started at Sat Jun 30 01:45:02 2018.
Terminated at Sat Jun 30 01:45:07 2018.
Results reported at Sat Jun 30 01:45:07 2018.

Your job looked like:

------------------------------------------------------------
# LSBATCH: User input
/lila/home/fanslerm/projects/mca/.snakemake/tmp.9sytbma4/snakejob.read_dist_plot.63.sh
------------------------------------------------------------

Successfully completed.

Resource usage summary:

    CPU time :                                   4.41 sec.
    Max Memory :                                 -
    Average Memory :                             -
    Total Requested Memory :                     8.00 GB
    Delta Memory :                               -
    Max Swap :                                   -
    Max Processes :                              4
    Max Threads :                                5
    Run time :                                   6 sec.
    Turnaround time :                            9 sec.

The output (if any) follows:

Loading annotation data...
Loaded annotations for 266277 cells from 73 libraries and 42 tissues, comprising 818 clusters.
This included:
	146378 adult cells from 47 libraries and 23 tissues, comprising 499 clusters;
	28828 neonatal cells from 11 libraries and 6 tissues, comprising 124 clusters.
	54272 embryonic cells from 12 libraries and 10 tissues, comprising 183 clusters.
	36799 stem cells from 3 libraries and 3 tissues, comprising 12 clusters.


PS:

Read file <logs/lsf/read_dist_plot/4137616.err> for stderr output of this job.

