[Fri Jun 29 17:40:05 2018] Building DAG of jobs...
[Fri Jun 29 17:40:05 2018] Using shell: /usr/bin/bash
[Fri Jun 29 17:40:05 2018] Provided cores: 1
[Fri Jun 29 17:40:05 2018] Rules claiming more threads will be scaled down.
[Fri Jun 29 17:40:05 2018] Job counts:
[Fri Jun 29 17:40:05 2018] 	count	jobs
[Fri Jun 29 17:40:05 2018] 	1	fastqc_raw
[Fri Jun 29 17:40:05 2018] 	1

[Fri Jun 29 17:40:05 2018] rule fastqc_raw:
[Fri Jun 29 17:40:05 2018]     input: data/fastq/raw/SRR6954533_2.fastq.gz
[Fri Jun 29 17:40:05 2018]     output: qc/raw/SRR6954533_2_fastqc.html, qc/raw/SRR6954533_2_fastqc.zip
[Fri Jun 29 17:40:05 2018]     jobid: 0
[Fri Jun 29 17:40:05 2018]     wildcards: srr=SRR6954533, read=2

Started analysis of SRR6954533_2.fastq.gz
Approx 5% complete for SRR6954533_2.fastq.gz
Approx 10% complete for SRR6954533_2.fastq.gz
Approx 15% complete for SRR6954533_2.fastq.gz
Approx 20% complete for SRR6954533_2.fastq.gz
Approx 25% complete for SRR6954533_2.fastq.gz
Approx 30% complete for SRR6954533_2.fastq.gz
Approx 35% complete for SRR6954533_2.fastq.gz
Approx 40% complete for SRR6954533_2.fastq.gz
Approx 45% complete for SRR6954533_2.fastq.gz
Approx 50% complete for SRR6954533_2.fastq.gz
Approx 55% complete for SRR6954533_2.fastq.gz
Approx 60% complete for SRR6954533_2.fastq.gz
Approx 65% complete for SRR6954533_2.fastq.gz
Approx 70% complete for SRR6954533_2.fastq.gz
Approx 75% complete for SRR6954533_2.fastq.gz
Approx 80% complete for SRR6954533_2.fastq.gz
Approx 85% complete for SRR6954533_2.fastq.gz
Approx 90% complete for SRR6954533_2.fastq.gz
Approx 95% complete for SRR6954533_2.fastq.gz
[Fri Jun 29 17:57:47 2018] Finished job 0.
[Fri Jun 29 17:57:47 2018] 1 of 1 steps (100%) done
