[2018-06-30 16:13:08,048] multiqc                                            [DEBUG  ]  No MultiQC config found: /lila/home/fanslerm/software/miniconda3/lib/python3.6/site-packages/multiqc_config.yaml
[2018-06-30 16:13:08,049] multiqc                                            [DEBUG  ]  No MultiQC config found: /home/fanslerm/.multiqc_config.yaml
[2018-06-30 16:13:08,049] multiqc                                            [DEBUG  ]  No MultiQC config found: multiqc_config.yaml
[2018-06-30 16:13:08,049] multiqc                                            [DEBUG  ]  Command used: /home/fanslerm/software/miniconda3/bin/multiqc -o output/ qc/raw/ qc/trimmed/ logs/lsf/cutadapt_polyT_PE/ logs/lsf/cutadapt_polyT_SE/ logs/hisat2/
[2018-06-30 16:13:09,466] multiqc                                            [DEBUG  ]  Latest MultiQC version is v1.5
[2018-06-30 16:13:09,466] multiqc                                            [INFO   ]  This is MultiQC v1.6.dev0
[2018-06-30 16:13:09,466] multiqc                                            [DEBUG  ]  Command     : /home/fanslerm/software/miniconda3/bin/multiqc -o output/ qc/raw/ qc/trimmed/ logs/lsf/cutadapt_polyT_PE/ logs/lsf/cutadapt_polyT_SE/ logs/hisat2/
[2018-06-30 16:13:09,466] multiqc                                            [DEBUG  ]  Working dir : /lila/home/fanslerm/projects/mca
[2018-06-30 16:13:09,467] multiqc                                            [INFO   ]  Template    : default
[2018-06-30 16:13:09,467] multiqc                                            [INFO   ]  Searching 'qc/raw/'
[2018-06-30 16:13:09,467] multiqc                                            [INFO   ]  Searching 'qc/trimmed/'
[2018-06-30 16:13:09,467] multiqc                                            [INFO   ]  Searching 'logs/lsf/cutadapt_polyT_PE/'
[2018-06-30 16:13:09,467] multiqc                                            [INFO   ]  Searching 'logs/lsf/cutadapt_polyT_SE/'
[2018-06-30 16:13:09,467] multiqc                                            [INFO   ]  Searching 'logs/hisat2/'
[2018-06-30 16:13:09,468] multiqc                                            [DEBUG  ]  Analysing modules: custom_content, conpair, peddy, methylQA, qualimap, preseq, quast, qorts, rna_seqc, rsem, rseqc, busco, goleft_indexcov, disambiguate, supernova, deeptools, sargasso, verifybamid, homer, macs2, theta2, snpeff, gatk, htseq, bcftools, featureCounts, dedup, picard, prokka, samblaster, samtools, bamtools, jellyfish, vcftools, longranger, bbmap, bismark, hicexplorer, hicup, salmon, kallisto, slamdunk, star, hisat2, tophat, bowtie2, bowtie1, leehom, adapterRemoval, clipandmerge, cutadapt, flexbar, trimmomatic, skewer, sortmerna, biobloomtools, fastq_screen, afterqc, fastqc, clusterflow, bcl2fastq, interop
[2018-06-30 16:13:09,468] multiqc                                            [DEBUG  ]  Using temporary directory for creating report: /scratch/fanslerm/tmp5h868jre
[2018-06-30 16:13:09,595] multiqc                                            [DEBUG  ]  Ignoring file as matched an ignore pattern: SRR6954511_1_fastqc.html
[2018-06-30 16:13:09,599] multiqc                                            [DEBUG  ]  Ignoring file as matched an ignore pattern: SRR6954548_2_fastqc.html
[2018-06-30 16:13:09,606] multiqc                                            [DEBUG  ]  Ignoring file as matched an ignore pattern: SRR6954505_1_fastqc.html
[2018-06-30 16:13:09,609] multiqc                                            [DEBUG  ]  Ignoring file as matched an ignore pattern: SRR6954543_1_fastqc.html
[2018-06-30 16:13:09,610] multiqc                                            [DEBUG  ]  Ignoring file as matched an ignore pattern: SRR6954572_2_fastqc.html
[2018-06-30 16:13:09,621] multiqc                                            [DEBUG  ]  Ignoring file as matched an ignore pattern: SRR6954561_2_fastqc.html
[2018-06-30 16:13:09,622] multiqc                                            [DEBUG  ]  Ignoring file as matched an ignore pattern: SRR6954560_2_fastqc.html
[2018-06-30 16:13:09,626] multiqc                                            [DEBUG  ]  Ignoring file as matched an ignore pattern: SRR6954509_2_fastqc.html
[2018-06-30 16:13:09,627] multiqc                                            [DEBUG  ]  Ignoring file as matched an ignore pattern: SRR6954500_1_fastqc.html
[2018-06-30 16:13:09,629] multiqc                                            [DEBUG  ]  Ignoring file as matched an ignore pattern: SRR6954499_1_fastqc.html
[2018-06-30 16:13:09,629] multiqc                                            [DEBUG  ]  Ignoring file as matched an ignore pattern: SRR6954545_2_fastqc.html
[2018-06-30 16:13:09,630] multiqc                                            [DEBUG  ]  Ignoring file as matched an ignore pattern: SRR6954499_2_fastqc.html
[2018-06-30 16:13:09,630] multiqc                                            [DEBUG  ]  Ignoring file as matched an ignore pattern: SRR6954504_1_fastqc.html
[2018-06-30 16:13:09,630] multiqc                                            [DEBUG  ]  Ignoring file as matched an ignore pattern: SRR6954535_2_fastqc.html
[2018-06-30 16:13:09,633] multiqc                                            [DEBUG  ]  Ignoring file as matched an ignore pattern: SRR6954508_2_fastqc.html
[2018-06-30 16:13:09,633] multiqc                                            [DEBUG  ]  Ignoring file as matched an ignore pattern: SRR6954510_2_fastqc.html
[2018-06-30 16:13:09,634] multiqc                                            [DEBUG  ]  Ignoring file as matched an ignore pattern: SRR6954540_2_fastqc.html
[2018-06-30 16:13:09,634] multiqc                                            [DEBUG  ]  Ignoring file as matched an ignore pattern: SRR6954500_2_fastqc.html
[2018-06-30 16:13:09,634] multiqc                                            [DEBUG  ]  Ignoring file as matched an ignore pattern: SRR6954511_2_fastqc.html
[2018-06-30 16:13:09,634] multiqc                                            [DEBUG  ]  Ignoring file as matched an ignore pattern: SRR6954564_1_fastqc.html
[2018-06-30 16:13:09,635] multiqc                                            [DEBUG  ]  Ignoring file as matched an ignore pattern: SRR6954576_1_fastqc.html
[2018-06-30 16:13:09,635] multiqc                                            [DEBUG  ]  Ignoring file as matched an ignore pattern: SRR6954545_1_fastqc.html
[2018-06-30 16:13:09,637] multiqc                                            [DEBUG  ]  Ignoring file as matched an ignore pattern: ._SRR6954503_2_fastqc.html
[2018-06-30 16:13:09,638] multiqc                                            [DEBUG  ]  Ignoring file as matched an ignore pattern: SRR6954533_2_fastqc.html
[2018-06-30 16:13:09,638] multiqc                                            [DEBUG  ]  Ignoring file as matched an ignore pattern: SRR6954507_2_fastqc.html
[2018-06-30 16:13:09,638] multiqc                                            [DEBUG  ]  Ignoring file as matched an ignore pattern: SRR6954572_1_fastqc.html
[2018-06-30 16:13:09,638] multiqc                                            [DEBUG  ]  Ignoring file as matched an ignore pattern: SRR6954539_2_fastqc.html
[2018-06-30 16:13:09,639] multiqc                                            [DEBUG  ]  Ignoring file as matched an ignore pattern: ._SRR6954577_1_fastqc.html
[2018-06-30 16:13:09,640] multiqc                                            [DEBUG  ]  Ignoring file as matched an ignore pattern: SRR6954505_2_fastqc.html
[2018-06-30 16:13:09,641] multiqc                                            [DEBUG  ]  Ignoring file as matched an ignore pattern: SRR6954567_2_fastqc.html
[2018-06-30 16:13:09,642] multiqc                                            [DEBUG  ]  Ignoring file as matched an ignore pattern: SRR6954507_1_fastqc.html
[2018-06-30 16:13:09,642] multiqc                                            [DEBUG  ]  Ignoring file as matched an ignore pattern: SRR6954503_1_fastqc.html
[2018-06-30 16:13:09,643] multiqc                                            [DEBUG  ]  Ignoring file as matched an ignore pattern: SRR6954574_1_fastqc.html
[2018-06-30 16:13:09,646] multiqc                                            [DEBUG  ]  Ignoring file as matched an ignore pattern: SRR6954564_2_fastqc.html
[2018-06-30 16:13:09,646] multiqc                                            [DEBUG  ]  Ignoring file as matched an ignore pattern: ._SRR6954578_2_fastqc.html
[2018-06-30 16:13:09,646] multiqc                                            [DEBUG  ]  Ignoring file as matched an ignore pattern: SRR6954578_2_fastqc.html
[2018-06-30 16:13:09,646] multiqc                                            [DEBUG  ]  Ignoring file as matched an ignore pattern: SRR6954506_2_fastqc.html
[2018-06-30 16:13:09,647] multiqc                                            [DEBUG  ]  Ignoring file as matched an ignore pattern: SRR6954548_1_fastqc.html
[2018-06-30 16:13:09,649] multiqc                                            [DEBUG  ]  Ignoring file as matched an ignore pattern: SRR6954568_1_fastqc.html
[2018-06-30 16:13:09,651] multiqc                                            [DEBUG  ]  Ignoring file as matched an ignore pattern: SRR6954566_1_fastqc.html
[2018-06-30 16:13:09,652] multiqc                                            [DEBUG  ]  Ignoring file as matched an ignore pattern: SRR6954578_1_fastqc.html
[2018-06-30 16:13:09,653] multiqc                                            [DEBUG  ]  Ignoring file as matched an ignore pattern: SRR6954580_1_fastqc.html
[2018-06-30 16:13:09,653] multiqc                                            [DEBUG  ]  Ignoring file as matched an ignore pattern: SRR6954580_2_fastqc.html
[2018-06-30 16:13:09,654] multiqc                                            [DEBUG  ]  Ignoring file as matched an ignore pattern: SRR6954533_1_fastqc.html
[2018-06-30 16:13:09,654] multiqc                                            [DEBUG  ]  Ignoring file as matched an ignore pattern: SRR6954573_1_fastqc.html
[2018-06-30 16:13:09,654] multiqc                                            [DEBUG  ]  Ignoring file as matched an ignore pattern: SRR6954540_1_fastqc.html
[2018-06-30 16:13:09,655] multiqc                                            [DEBUG  ]  Ignoring file as matched an ignore pattern: SRR6954563_1_fastqc.html
[2018-06-30 16:13:09,655] multiqc                                            [DEBUG  ]  Ignoring file as matched an ignore pattern: SRR6954539_1_fastqc.html
[2018-06-30 16:13:09,655] multiqc                                            [DEBUG  ]  Ignoring file as matched an ignore pattern: ._SRR6954503_1_fastqc.html
[2018-06-30 16:13:09,656] multiqc                                            [DEBUG  ]  Ignoring file as matched an ignore pattern: SRR6954575_2_fastqc.html
[2018-06-30 16:13:09,657] multiqc                                            [DEBUG  ]  Ignoring file as matched an ignore pattern: SRR6954532_1_fastqc.html
[2018-06-30 16:13:09,657] multiqc                                            [DEBUG  ]  Ignoring file as matched an ignore pattern: SRR6954544_1_fastqc.html
[2018-06-30 16:13:09,658] multiqc                                            [DEBUG  ]  Ignoring file as matched an ignore pattern: SRR6954562_1_fastqc.html
[2018-06-30 16:13:09,658] multiqc                                            [DEBUG  ]  Ignoring file as matched an ignore pattern: SRR6954538_1_fastqc.html
[2018-06-30 16:13:09,662] multiqc                                            [DEBUG  ]  Ignoring file as matched an ignore pattern: SRR6954501_2_fastqc.html
[2018-06-30 16:13:09,663] multiqc                                            [DEBUG  ]  Ignoring file as matched an ignore pattern: SRR6954560_1_fastqc.html
[2018-06-30 16:13:09,663] multiqc                                            [DEBUG  ]  Ignoring file as matched an ignore pattern: SRR6954574_2_fastqc.html
[2018-06-30 16:13:09,664] multiqc                                            [DEBUG  ]  Ignoring file as matched an ignore pattern: SRR6954576_2_fastqc.html
[2018-06-30 16:13:09,664] multiqc                                            [DEBUG  ]  Ignoring file as matched an ignore pattern: SRR6954534_1_fastqc.html
[2018-06-30 16:13:09,664] multiqc                                            [DEBUG  ]  Ignoring file as matched an ignore pattern: SRR6954504_2_fastqc.html
[2018-06-30 16:13:09,666] multiqc                                            [DEBUG  ]  Ignoring file as matched an ignore pattern: SRR6954544_2_fastqc.html
[2018-06-30 16:13:09,666] multiqc                                            [DEBUG  ]  Ignoring file as matched an ignore pattern: SRR6954565_1_fastqc.html
[2018-06-30 16:13:09,666] multiqc                                            [DEBUG  ]  Ignoring file as matched an ignore pattern: SRR6954565_2_fastqc.html
[2018-06-30 16:13:09,667] multiqc                                            [DEBUG  ]  Ignoring file as matched an ignore pattern: SRR6954509_1_fastqc.html
[2018-06-30 16:13:09,667] multiqc                                            [DEBUG  ]  Ignoring file as matched an ignore pattern: SRR6954530_1_fastqc.html
[2018-06-30 16:13:09,667] multiqc                                            [DEBUG  ]  Ignoring file as matched an ignore pattern: SRR6954501_1_fastqc.html
[2018-06-30 16:13:09,668] multiqc                                            [DEBUG  ]  Ignoring file as matched an ignore pattern: SRR6954534_2_fastqc.html
[2018-06-30 16:13:09,668] multiqc                                            [DEBUG  ]  Ignoring file as matched an ignore pattern: SRR6954546_1_fastqc.html
[2018-06-30 16:13:09,668] multiqc                                            [DEBUG  ]  Ignoring file as matched an ignore pattern: SRR6954531_1_fastqc.html
[2018-06-30 16:13:09,672] multiqc                                            [DEBUG  ]  Ignoring file as matched an ignore pattern: SRR6954503_2_fastqc.html
[2018-06-30 16:13:09,673] multiqc                                            [DEBUG  ]  Ignoring file as matched an ignore pattern: SRR6954508_1_fastqc.html
[2018-06-30 16:13:09,674] multiqc                                            [DEBUG  ]  Ignoring file as matched an ignore pattern: SRR6954566_2_fastqc.html
[2018-06-30 16:13:09,674] multiqc                                            [DEBUG  ]  Ignoring file as matched an ignore pattern: SRR6954579_1_fastqc.html
[2018-06-30 16:13:09,675] multiqc                                            [DEBUG  ]  Ignoring file as matched an ignore pattern: SRR6954568_2_fastqc.html
[2018-06-30 16:13:09,675] multiqc                                            [DEBUG  ]  Ignoring file as matched an ignore pattern: SRR6954510_1_fastqc.html
[2018-06-30 16:13:09,676] multiqc                                            [DEBUG  ]  Ignoring file as matched an ignore pattern: SRR6954579_2_fastqc.html
[2018-06-30 16:13:09,676] multiqc                                            [DEBUG  ]  Ignoring file as matched an ignore pattern: ._SRR6954511_1_fastqc.html
[2018-06-30 16:13:09,676] multiqc                                            [DEBUG  ]  Ignoring file as matched an ignore pattern: SRR6954567_1_fastqc.html
[2018-06-30 16:13:09,677] multiqc                                            [DEBUG  ]  Ignoring file as matched an ignore pattern: SRR6954502_1_fastqc.html
[2018-06-30 16:13:09,677] multiqc                                            [DEBUG  ]  Ignoring file as matched an ignore pattern: SRR6954502_2_fastqc.html
[2018-06-30 16:13:09,677] multiqc                                            [DEBUG  ]  Ignoring file as matched an ignore pattern: SRR6954506_1_fastqc.html
[2018-06-30 16:13:09,678] multiqc                                            [DEBUG  ]  Ignoring file as matched an ignore pattern: SRR6954799_1_fastqc.html
[2018-06-30 16:13:09,678] multiqc                                            [DEBUG  ]  Ignoring file as matched an ignore pattern: SRR6954498_2_fastqc.html
[2018-06-30 16:13:09,679] multiqc                                            [DEBUG  ]  Ignoring file as matched an ignore pattern: SRR6954538_2_fastqc.html
[2018-06-30 16:13:09,680] multiqc                                            [DEBUG  ]  Ignoring file as matched an ignore pattern: SRR6954543_2_fastqc.html
[2018-06-30 16:13:09,680] multiqc                                            [DEBUG  ]  Ignoring file as matched an ignore pattern: SRR6954799_2_fastqc.html
[2018-06-30 16:13:09,680] multiqc                                            [DEBUG  ]  Ignoring file as matched an ignore pattern: ._SRR6954511_2_fastqc.html
[2018-06-30 16:13:09,681] multiqc                                            [DEBUG  ]  Ignoring file as matched an ignore pattern: SRR6954561_1_fastqc.html
[2018-06-30 16:13:09,681] multiqc                                            [DEBUG  ]  Ignoring file as matched an ignore pattern: ._SRR6954577_2_fastqc.html
[2018-06-30 16:13:09,681] multiqc                                            [DEBUG  ]  Ignoring file as matched an ignore pattern: ._SRR6954510_2_fastqc.html
[2018-06-30 16:13:09,682] multiqc                                            [DEBUG  ]  Ignoring file as matched an ignore pattern: SRR6954577_2_fastqc.html
[2018-06-30 16:13:09,683] multiqc                                            [DEBUG  ]  Ignoring file as matched an ignore pattern: ._SRR6954510_1_fastqc.html
[2018-06-30 16:13:09,683] multiqc                                            [DEBUG  ]  Ignoring file as matched an ignore pattern: SRR6954563_2_fastqc.html
[2018-06-30 16:13:09,684] multiqc                                            [DEBUG  ]  Ignoring file as matched an ignore pattern: SRR6954582_2_fastqc.html
[2018-06-30 16:13:09,686] multiqc                                            [DEBUG  ]  Ignoring file as matched an ignore pattern: SRR6954573_2_fastqc.html
[2018-06-30 16:13:09,686] multiqc                                            [DEBUG  ]  Ignoring file as matched an ignore pattern: SRR6954530_2_fastqc.html
[2018-06-30 16:13:09,687] multiqc                                            [DEBUG  ]  Ignoring file as matched an ignore pattern: SRR6954562_2_fastqc.html
[2018-06-30 16:13:09,688] multiqc                                            [DEBUG  ]  Ignoring file as matched an ignore pattern: SRR6954535_1_fastqc.html
[2018-06-30 16:13:09,688] multiqc                                            [DEBUG  ]  Ignoring file as matched an ignore pattern: SRR6954531_2_fastqc.html
[2018-06-30 16:13:09,689] multiqc                                            [DEBUG  ]  Ignoring file as matched an ignore pattern: SRR6954546_2_fastqc.html
[2018-06-30 16:13:09,689] multiqc                                            [DEBUG  ]  Ignoring file as matched an ignore pattern: SRR6954582_1_fastqc.html
[2018-06-30 16:13:09,689] multiqc                                            [DEBUG  ]  Ignoring file as matched an ignore pattern: SRR6954577_1_fastqc.html
[2018-06-30 16:13:09,690] multiqc                                            [DEBUG  ]  Ignoring file as matched an ignore pattern: SRR6954498_1_fastqc.html
[2018-06-30 16:13:09,691] multiqc                                            [DEBUG  ]  Ignoring file as matched an ignore pattern: SRR6954532_2_fastqc.html
[2018-06-30 16:13:09,691] multiqc                                            [DEBUG  ]  Ignoring file as matched an ignore pattern: SRR6954575_1_fastqc.html
[2018-06-30 16:13:09,693] multiqc                                            [DEBUG  ]  Ignoring file as matched an ignore pattern: SRR6954575.unassembled_1.clean_fastqc.html
[2018-06-30 16:13:09,698] multiqc                                            [DEBUG  ]  Ignoring file as matched an ignore pattern: SRR6954566.assembled.clean_fastqc.html
[2018-06-30 16:13:09,699] multiqc                                            [DEBUG  ]  Ignoring file as matched an ignore pattern: SRR6954507.unassembled_1.clean_fastqc.html
[2018-06-30 16:13:09,703] multiqc                                            [DEBUG  ]  Ignoring file as matched an ignore pattern: SRR6954546.unassembled_1.clean_fastqc.html
[2018-06-30 16:13:09,703] multiqc                                            [DEBUG  ]  Ignoring file as matched an ignore pattern: SRR6954564.unassembled_1.clean_fastqc.html
[2018-06-30 16:13:09,708] multiqc                                            [DEBUG  ]  Ignoring file as matched an ignore pattern: SRR6954564.unassembled_2.clean_fastqc.html
[2018-06-30 16:13:09,709] multiqc                                            [DEBUG  ]  Ignoring file as matched an ignore pattern: ._SRR6954566.assembled.clean_fastqc.html
[2018-06-30 16:13:09,712] multiqc                                            [DEBUG  ]  Ignoring file as matched an ignore pattern: SRR6954531.assembled.clean_fastqc.html
[2018-06-30 16:13:09,718] multiqc                                            [DEBUG  ]  Ignoring file as matched an ignore pattern: SRR6954561.unassembled_2.clean_fastqc.html
[2018-06-30 16:13:09,721] multiqc                                            [DEBUG  ]  Ignoring file as matched an ignore pattern: SRR6954572.assembled.clean_fastqc.html
[2018-06-30 16:13:09,721] multiqc                                            [DEBUG  ]  Ignoring file as matched an ignore pattern: SRR6954507.unassembled_2.clean_fastqc.html
[2018-06-30 16:13:09,724] multiqc                                            [DEBUG  ]  Ignoring file as matched an ignore pattern: SRR6954535.unassembled_2.clean_fastqc.html
[2018-06-30 16:13:09,724] multiqc                                            [DEBUG  ]  Ignoring file as matched an ignore pattern: SRR6954506.unassembled_2.clean_fastqc.html
[2018-06-30 16:13:09,725] multiqc                                            [DEBUG  ]  Ignoring file as matched an ignore pattern: SRR6954580.unassembled_2.clean_fastqc.html
[2018-06-30 16:13:09,726] multiqc                                            [DEBUG  ]  Ignoring file as matched an ignore pattern: SRR6954579.unassembled_1.clean_fastqc.html
[2018-06-30 16:13:09,726] multiqc                                            [DEBUG  ]  Ignoring file as matched an ignore pattern: SRR6954510.unassembled_1.clean_fastqc.html
[2018-06-30 16:13:09,726] multiqc                                            [DEBUG  ]  Ignoring file as matched an ignore pattern: SRR6954545.assembled.clean_fastqc.html
[2018-06-30 16:13:09,726] multiqc                                            [DEBUG  ]  Ignoring file as matched an ignore pattern: SRR6954499.unassembled_1.clean_fastqc.html
[2018-06-30 16:13:09,727] multiqc                                            [DEBUG  ]  Ignoring file as matched an ignore pattern: SRR6954565.unassembled_1.clean_fastqc.html
[2018-06-30 16:13:09,730] multiqc                                            [DEBUG  ]  Ignoring file as matched an ignore pattern: SRR6954578.unassembled_1.clean_fastqc.html
[2018-06-30 16:13:09,731] multiqc                                            [DEBUG  ]  Ignoring file as matched an ignore pattern: SRR6954568.unassembled_1.clean_fastqc.html
[2018-06-30 16:13:09,734] multiqc                                            [DEBUG  ]  Ignoring file as matched an ignore pattern: SRR6954530.unassembled_2.clean_fastqc.html
[2018-06-30 16:13:09,734] multiqc                                            [DEBUG  ]  Ignoring file as matched an ignore pattern: SRR6954509.unassembled_1.clean_fastqc.html
[2018-06-30 16:13:09,735] multiqc                                            [DEBUG  ]  Ignoring file as matched an ignore pattern: SRR6954533.unassembled_2.clean_fastqc.html
[2018-06-30 16:13:09,736] multiqc                                            [DEBUG  ]  Ignoring file as matched an ignore pattern: SRR6954511.unassembled_1.clean_fastqc.html
[2018-06-30 16:13:09,736] multiqc                                            [DEBUG  ]  Ignoring file as matched an ignore pattern: SRR6954548.unassembled_1.clean_fastqc.html
[2018-06-30 16:13:09,737] multiqc                                            [DEBUG  ]  Ignoring file as matched an ignore pattern: SRR6954582.unassembled_1.clean_fastqc.html
[2018-06-30 16:13:09,737] multiqc                                            [DEBUG  ]  Ignoring file as matched an ignore pattern: SRR6954499.unassembled_2.clean_fastqc.html
[2018-06-30 16:13:09,738] multiqc                                            [DEBUG  ]  Ignoring file as matched an ignore pattern: SRR6954511.unassembled_2.clean_fastqc.html
[2018-06-30 16:13:09,738] multiqc                                            [DEBUG  ]  Ignoring file as matched an ignore pattern: SRR6954575.assembled.clean_fastqc.html
[2018-06-30 16:13:09,740] multiqc                                            [DEBUG  ]  Ignoring file as matched an ignore pattern: SRR6954543.assembled.clean_fastqc.html
[2018-06-30 16:13:09,740] multiqc                                            [DEBUG  ]  Ignoring file as matched an ignore pattern: SRR6954510.assembled.clean_fastqc.html
[2018-06-30 16:13:09,740] multiqc                                            [DEBUG  ]  Ignoring file as matched an ignore pattern: SRR6954505.assembled.clean_fastqc.html
[2018-06-30 16:13:09,741] multiqc                                            [DEBUG  ]  Ignoring file as matched an ignore pattern: SRR6954503.unassembled_1.clean_fastqc.html
[2018-06-30 16:13:09,742] multiqc                                            [DEBUG  ]  Ignoring file as matched an ignore pattern: SRR6954562.unassembled_1.clean_fastqc.html
[2018-06-30 16:13:09,742] multiqc                                            [DEBUG  ]  Ignoring file as matched an ignore pattern: ._SRR6954506.assembled.clean_fastqc.html
[2018-06-30 16:13:09,742] multiqc                                            [DEBUG  ]  Ignoring file as matched an ignore pattern: SRR6954560.unassembled_2.clean_fastqc.html
[2018-06-30 16:13:09,744] multiqc                                            [DEBUG  ]  Ignoring file as matched an ignore pattern: SRR6954504.unassembled_1.clean_fastqc.html
[2018-06-30 16:13:09,745] multiqc                                            [DEBUG  ]  Ignoring file as matched an ignore pattern: ._SRR6954504.unassembled_2.clean_fastqc.html
[2018-06-30 16:13:09,745] multiqc                                            [DEBUG  ]  Ignoring file as matched an ignore pattern: SRR6954539.unassembled_2.clean_fastqc.html
[2018-06-30 16:13:09,745] multiqc                                            [DEBUG  ]  Ignoring file as matched an ignore pattern: SRR6954531.unassembled_2.clean_fastqc.html
[2018-06-30 16:13:09,747] multiqc                                            [DEBUG  ]  Ignoring file as matched an ignore pattern: SRR6954544.unassembled_2.clean_fastqc.html
[2018-06-30 16:13:09,748] multiqc                                            [DEBUG  ]  Ignoring file as matched an ignore pattern: SRR6954510.unassembled_2.clean_fastqc.html
[2018-06-30 16:13:09,748] multiqc                                            [DEBUG  ]  Ignoring file as matched an ignore pattern: SRR6954506.unassembled_1.clean_fastqc.html
[2018-06-30 16:13:09,749] multiqc                                            [DEBUG  ]  Ignoring file as matched an ignore pattern: SRR6954545.unassembled_2.clean_fastqc.html
[2018-06-30 16:13:09,750] multiqc                                            [DEBUG  ]  Ignoring file as matched an ignore pattern: SRR6954568.unassembled_2.clean_fastqc.html
[2018-06-30 16:13:09,753] multiqc                                            [DEBUG  ]  Ignoring file as matched an ignore pattern: SRR6954575.unassembled_2.clean_fastqc.html
[2018-06-30 16:13:09,754] multiqc                                            [DEBUG  ]  Ignoring file as matched an ignore pattern: SRR6954498.unassembled_2.clean_fastqc.html
[2018-06-30 16:13:09,754] multiqc                                            [DEBUG  ]  Ignoring file as matched an ignore pattern: SRR6954543.unassembled_1.clean_fastqc.html
[2018-06-30 16:13:09,755] multiqc                                            [DEBUG  ]  Ignoring file as matched an ignore pattern: SRR6954582.unassembled_2.clean_fastqc.html
[2018-06-30 16:13:09,755] multiqc                                            [DEBUG  ]  Ignoring file as matched an ignore pattern: SRR6954531.unassembled_1.clean_fastqc.html
[2018-06-30 16:13:09,756] multiqc                                            [DEBUG  ]  Ignoring file as matched an ignore pattern: SRR6954533.unassembled_1.clean_fastqc.html
[2018-06-30 16:13:09,756] multiqc                                            [DEBUG  ]  Ignoring file as matched an ignore pattern: SRR6954564.assembled.clean_fastqc.html
[2018-06-30 16:13:09,756] multiqc                                            [DEBUG  ]  Ignoring file as matched an ignore pattern: SRR6954566.unassembled_2.clean_fastqc.html
[2018-06-30 16:13:09,757] multiqc                                            [DEBUG  ]  Ignoring file as matched an ignore pattern: SRR6954567.assembled.clean_fastqc.html
[2018-06-30 16:13:09,757] multiqc                                            [DEBUG  ]  Ignoring file as matched an ignore pattern: ._SRR6954507.assembled.clean_fastqc.html
[2018-06-30 16:13:09,757] multiqc                                            [DEBUG  ]  Ignoring file as matched an ignore pattern: SRR6954532.unassembled_2.clean_fastqc.html
[2018-06-30 16:13:09,758] multiqc                                            [DEBUG  ]  Ignoring file as matched an ignore pattern: SRR6954506.assembled.clean_fastqc.html
[2018-06-30 16:13:09,758] multiqc                                            [DEBUG  ]  Ignoring file as matched an ignore pattern: SRR6954546.assembled.clean_fastqc.html
[2018-06-30 16:13:09,758] multiqc                                            [DEBUG  ]  Ignoring file as matched an ignore pattern: SRR6954577.assembled.clean_fastqc.html
[2018-06-30 16:13:09,759] multiqc                                            [DEBUG  ]  Ignoring file as matched an ignore pattern: SRR6954580.assembled.clean_fastqc.html
[2018-06-30 16:13:09,759] multiqc                                            [DEBUG  ]  Ignoring file as matched an ignore pattern: SRR6954540.assembled.clean_fastqc.html
[2018-06-30 16:13:09,759] multiqc                                            [DEBUG  ]  Ignoring file as matched an ignore pattern: SRR6954507.assembled.clean_fastqc.html
[2018-06-30 16:13:09,759] multiqc                                            [DEBUG  ]  Ignoring file as matched an ignore pattern: SRR6954572.unassembled_2.clean_fastqc.html
[2018-06-30 16:13:09,760] multiqc                                            [DEBUG  ]  Ignoring file as matched an ignore pattern: SRR6954565.assembled.clean_fastqc.html
[2018-06-30 16:13:09,760] multiqc                                            [DEBUG  ]  Ignoring file as matched an ignore pattern: SRR6954573.unassembled_2.clean_fastqc.html
[2018-06-30 16:13:09,761] multiqc                                            [DEBUG  ]  Ignoring file as matched an ignore pattern: SRR6954562.assembled.clean_fastqc.html
[2018-06-30 16:13:09,761] multiqc                                            [DEBUG  ]  Ignoring file as matched an ignore pattern: SRR6954505.unassembled_1.clean_fastqc.html
[2018-06-30 16:13:09,761] multiqc                                            [DEBUG  ]  Ignoring file as matched an ignore pattern: SRR6954511.assembled.clean_fastqc.html
[2018-06-30 16:13:09,763] multiqc                                            [DEBUG  ]  Ignoring file as matched an ignore pattern: SRR6954567.unassembled_1.clean_fastqc.html
[2018-06-30 16:13:09,764] multiqc                                            [DEBUG  ]  Ignoring file as matched an ignore pattern: SRR6954582.assembled.clean_fastqc.html
[2018-06-30 16:13:09,764] multiqc                                            [DEBUG  ]  Ignoring file as matched an ignore pattern: SRR6954504.assembled.clean_fastqc.html
[2018-06-30 16:13:09,765] multiqc                                            [DEBUG  ]  Ignoring file as matched an ignore pattern: SRR6954563.unassembled_1.clean_fastqc.html
[2018-06-30 16:13:09,766] multiqc                                            [DEBUG  ]  Ignoring file as matched an ignore pattern: SRR6954561.unassembled_1.clean_fastqc.html
[2018-06-30 16:13:09,769] multiqc                                            [DEBUG  ]  Ignoring file as matched an ignore pattern: SRR6954535.assembled.clean_fastqc.html
[2018-06-30 16:13:09,770] multiqc                                            [DEBUG  ]  Ignoring file as matched an ignore pattern: SRR6954505.unassembled_2.clean_fastqc.html
[2018-06-30 16:13:09,771] multiqc                                            [DEBUG  ]  Ignoring file as matched an ignore pattern: SRR6954502.unassembled_2.clean_fastqc.html
[2018-06-30 16:13:09,772] multiqc                                            [DEBUG  ]  Ignoring file as matched an ignore pattern: SRR6954532.unassembled_1.clean_fastqc.html
[2018-06-30 16:13:09,772] multiqc                                            [DEBUG  ]  Ignoring file as matched an ignore pattern: SRR6954509.unassembled_2.clean_fastqc.html
[2018-06-30 16:13:09,772] multiqc                                            [DEBUG  ]  Ignoring file as matched an ignore pattern: SRR6954535.unassembled_1.clean_fastqc.html
[2018-06-30 16:13:09,773] multiqc                                            [DEBUG  ]  Ignoring file as matched an ignore pattern: SRR6954502.unassembled_1.clean_fastqc.html
[2018-06-30 16:13:09,773] multiqc                                            [DEBUG  ]  Ignoring file as matched an ignore pattern: SRR6954574.unassembled_1.clean_fastqc.html
[2018-06-30 16:13:09,773] multiqc                                            [DEBUG  ]  Ignoring file as matched an ignore pattern: ._SRR6954504.unassembled_1.clean_fastqc.html
[2018-06-30 16:13:09,773] multiqc                                            [DEBUG  ]  Ignoring file as matched an ignore pattern: SRR6954560.unassembled_1.clean_fastqc.html
[2018-06-30 16:13:09,773] multiqc                                            [DEBUG  ]  Ignoring file as matched an ignore pattern: SRR6954508.unassembled_2.clean_fastqc.html
[2018-06-30 16:13:09,777] multiqc                                            [DEBUG  ]  Ignoring file as matched an ignore pattern: SRR6954500.unassembled_1.clean_fastqc.html
[2018-06-30 16:13:09,778] multiqc                                            [DEBUG  ]  Ignoring file as matched an ignore pattern: SRR6954568.assembled.clean_fastqc.html
[2018-06-30 16:13:09,778] multiqc                                            [DEBUG  ]  Ignoring file as matched an ignore pattern: SRR6954545.unassembled_1.clean_fastqc.html
[2018-06-30 16:13:09,779] multiqc                                            [DEBUG  ]  Ignoring file as matched an ignore pattern: SRR6954501.assembled.clean_fastqc.html
[2018-06-30 16:13:09,779] multiqc                                            [DEBUG  ]  Ignoring file as matched an ignore pattern: SRR6954540.unassembled_2.clean_fastqc.html
[2018-06-30 16:13:09,779] multiqc                                            [DEBUG  ]  Ignoring file as matched an ignore pattern: SRR6954577.unassembled_1.clean_fastqc.html
[2018-06-30 16:13:09,780] multiqc                                            [DEBUG  ]  Ignoring file as matched an ignore pattern: SRR6954543.unassembled_2.clean_fastqc.html
[2018-06-30 16:13:09,780] multiqc                                            [DEBUG  ]  Ignoring file as matched an ignore pattern: SRR6954576.unassembled_1.clean_fastqc.html
[2018-06-30 16:13:09,780] multiqc                                            [DEBUG  ]  Ignoring file as matched an ignore pattern: SRR6954562.unassembled_2.clean_fastqc.html
[2018-06-30 16:13:09,781] multiqc                                            [DEBUG  ]  Ignoring file as matched an ignore pattern: SRR6954544.unassembled_1.clean_fastqc.html
[2018-06-30 16:13:09,781] multiqc                                            [DEBUG  ]  Ignoring file as matched an ignore pattern: SRR6954566.unassembled_1.clean_fastqc.html
[2018-06-30 16:13:09,782] multiqc                                            [DEBUG  ]  Ignoring file as matched an ignore pattern: SRR6954509.assembled.clean_fastqc.html
[2018-06-30 16:13:09,782] multiqc                                            [DEBUG  ]  Ignoring file as matched an ignore pattern: SRR6954799.unassembled_2.clean_fastqc.html
[2018-06-30 16:13:09,782] multiqc                                            [DEBUG  ]  Ignoring file as matched an ignore pattern: SRR6954560.assembled.clean_fastqc.html
[2018-06-30 16:13:09,783] multiqc                                            [DEBUG  ]  Ignoring file as matched an ignore pattern: SRR6954563.unassembled_2.clean_fastqc.html
[2018-06-30 16:13:09,783] multiqc                                            [DEBUG  ]  Ignoring file as matched an ignore pattern: SRR6954502.assembled.clean_fastqc.html
[2018-06-30 16:13:09,784] multiqc                                            [DEBUG  ]  Ignoring file as matched an ignore pattern: SRR6954548.unassembled_2.clean_fastqc.html
[2018-06-30 16:13:09,784] multiqc                                            [DEBUG  ]  Ignoring file as matched an ignore pattern: SRR6954498.assembled.clean_fastqc.html
[2018-06-30 16:13:09,784] multiqc                                            [DEBUG  ]  Ignoring file as matched an ignore pattern: SRR6954578.unassembled_2.clean_fastqc.html
[2018-06-30 16:13:09,785] multiqc                                            [DEBUG  ]  Ignoring file as matched an ignore pattern: SRR6954503.unassembled_2.clean_fastqc.html
[2018-06-30 16:13:09,787] multiqc                                            [DEBUG  ]  Ignoring file as matched an ignore pattern: SRR6954540.unassembled_1.clean_fastqc.html
[2018-06-30 16:13:09,789] multiqc                                            [DEBUG  ]  Ignoring file as matched an ignore pattern: SRR6954567.unassembled_2.clean_fastqc.html
[2018-06-30 16:13:09,789] multiqc                                            [DEBUG  ]  Ignoring file as matched an ignore pattern: SRR6954532.assembled.clean_fastqc.html
[2018-06-30 16:13:09,790] multiqc                                            [DEBUG  ]  Ignoring file as matched an ignore pattern: SRR6954576.assembled.clean_fastqc.html
[2018-06-30 16:13:09,790] multiqc                                            [DEBUG  ]  Ignoring file as matched an ignore pattern: SRR6954534.assembled.clean_fastqc.html
[2018-06-30 16:13:09,791] multiqc                                            [DEBUG  ]  Ignoring file as matched an ignore pattern: SRR6954538.unassembled_2.clean_fastqc.html
[2018-06-30 16:13:09,791] multiqc                                            [DEBUG  ]  Ignoring file as matched an ignore pattern: SRR6954534.unassembled_1.clean_fastqc.html
[2018-06-30 16:13:09,791] multiqc                                            [DEBUG  ]  Ignoring file as matched an ignore pattern: SRR6954579.assembled.clean_fastqc.html
[2018-06-30 16:13:09,792] multiqc                                            [DEBUG  ]  Ignoring file as matched an ignore pattern: SRR6954501.unassembled_1.clean_fastqc.html
[2018-06-30 16:13:09,793] multiqc                                            [DEBUG  ]  Ignoring file as matched an ignore pattern: SRR6954579.unassembled_2.clean_fastqc.html
[2018-06-30 16:13:09,793] multiqc                                            [DEBUG  ]  Ignoring file as matched an ignore pattern: SRR6954504.unassembled_2.clean_fastqc.html
[2018-06-30 16:13:09,794] multiqc                                            [DEBUG  ]  Ignoring file as matched an ignore pattern: SRR6954577.unassembled_2.clean_fastqc.html
[2018-06-30 16:13:09,795] multiqc                                            [DEBUG  ]  Ignoring file as matched an ignore pattern: SRR6954548.assembled.clean_fastqc.html
[2018-06-30 16:13:09,795] multiqc                                            [DEBUG  ]  Ignoring file as matched an ignore pattern: SRR6954539.assembled.clean_fastqc.html
[2018-06-30 16:13:09,796] multiqc                                            [DEBUG  ]  Ignoring file as matched an ignore pattern: SRR6954580.unassembled_1.clean_fastqc.html
[2018-06-30 16:13:09,796] multiqc                                            [DEBUG  ]  Ignoring file as matched an ignore pattern: SRR6954500.unassembled_2.clean_fastqc.html
[2018-06-30 16:13:09,797] multiqc                                            [DEBUG  ]  Ignoring file as matched an ignore pattern: SRR6954530.assembled.clean_fastqc.html
[2018-06-30 16:13:09,797] multiqc                                            [DEBUG  ]  Ignoring file as matched an ignore pattern: SRR6954539.unassembled_1.clean_fastqc.html
[2018-06-30 16:13:09,797] multiqc                                            [DEBUG  ]  Ignoring file as matched an ignore pattern: SRR6954538.unassembled_1.clean_fastqc.html
[2018-06-30 16:13:09,797] multiqc                                            [DEBUG  ]  Ignoring file as matched an ignore pattern: SRR6954576.unassembled_2.clean_fastqc.html
[2018-06-30 16:13:09,797] multiqc                                            [DEBUG  ]  Ignoring file as matched an ignore pattern: SRR6954503.assembled.clean_fastqc.html
[2018-06-30 16:13:09,797] multiqc                                            [DEBUG  ]  Ignoring file as matched an ignore pattern: SRR6954501.unassembled_2.clean_fastqc.html
[2018-06-30 16:13:09,798] multiqc                                            [DEBUG  ]  Ignoring file as matched an ignore pattern: SRR6954574.unassembled_2.clean_fastqc.html
[2018-06-30 16:13:09,799] multiqc                                            [DEBUG  ]  Ignoring file as matched an ignore pattern: SRR6954530.unassembled_1.clean_fastqc.html
[2018-06-30 16:13:09,799] multiqc                                            [DEBUG  ]  Ignoring file as matched an ignore pattern: SRR6954561.assembled.clean_fastqc.html
[2018-06-30 16:13:09,801] multiqc                                            [DEBUG  ]  Ignoring file as matched an ignore pattern: SRR6954572.unassembled_1.clean_fastqc.html
[2018-06-30 16:13:09,802] multiqc                                            [DEBUG  ]  Ignoring file as matched an ignore pattern: SRR6954573.assembled.clean_fastqc.html
[2018-06-30 16:13:09,803] multiqc                                            [DEBUG  ]  Ignoring file as matched an ignore pattern: SRR6954799.unassembled_1.clean_fastqc.html
[2018-06-30 16:13:09,803] multiqc                                            [DEBUG  ]  Ignoring file as matched an ignore pattern: ._SRR6954580.assembled.clean_fastqc.html
[2018-06-30 16:13:09,804] multiqc                                            [DEBUG  ]  Ignoring file as matched an ignore pattern: SRR6954799.assembled.clean_fastqc.html
[2018-06-30 16:13:09,804] multiqc                                            [DEBUG  ]  Ignoring file as matched an ignore pattern: SRR6954508.unassembled_1.clean_fastqc.html
[2018-06-30 16:13:09,805] multiqc                                            [DEBUG  ]  Ignoring file as matched an ignore pattern: SRR6954544.assembled.clean_fastqc.html
[2018-06-30 16:13:09,805] multiqc                                            [DEBUG  ]  Ignoring file as matched an ignore pattern: SRR6954538.assembled.clean_fastqc.html
[2018-06-30 16:13:09,807] multiqc                                            [DEBUG  ]  Ignoring file as matched an ignore pattern: SRR6954565.unassembled_2.clean_fastqc.html
[2018-06-30 16:13:09,807] multiqc                                            [DEBUG  ]  Ignoring file as matched an ignore pattern: SRR6954573.unassembled_1.clean_fastqc.html
[2018-06-30 16:13:09,807] multiqc                                            [DEBUG  ]  Ignoring file as matched an ignore pattern: SRR6954534.unassembled_2.clean_fastqc.html
[2018-06-30 16:13:09,808] multiqc                                            [DEBUG  ]  Ignoring file as matched an ignore pattern: SRR6954498.unassembled_1.clean_fastqc.html
[2018-06-30 16:13:09,808] multiqc                                            [DEBUG  ]  Ignoring file as matched an ignore pattern: SRR6954574.assembled.clean_fastqc.html
[2018-06-30 16:13:09,809] multiqc                                            [DEBUG  ]  Ignoring file as matched an ignore pattern: SRR6954499.assembled.clean_fastqc.html
[2018-06-30 16:13:09,809] multiqc                                            [DEBUG  ]  Ignoring file as matched an ignore pattern: SRR6954546.unassembled_2.clean_fastqc.html
[2018-06-30 16:13:09,810] multiqc                                            [DEBUG  ]  Ignoring file as matched an ignore pattern: SRR6954533.assembled.clean_fastqc.html
[2018-06-30 16:13:09,810] multiqc                                            [DEBUG  ]  Ignoring file as matched an ignore pattern: SRR6954500.assembled.clean_fastqc.html
[2018-06-30 16:13:09,810] multiqc                                            [DEBUG  ]  Ignoring file as matched an ignore pattern: SRR6954508.assembled.clean_fastqc.html
[2018-06-30 16:13:09,810] multiqc                                            [DEBUG  ]  Ignoring file as matched an ignore pattern: SRR6954578.assembled.clean_fastqc.html
[2018-06-30 16:13:09,811] multiqc                                            [DEBUG  ]  Ignoring file as matched an ignore pattern: SRR6954563.assembled.clean_fastqc.html
[2018-06-30 16:13:19,608] multiqc                                            [DEBUG  ]  No samples found: custom_content
[2018-06-30 16:13:19,619] multiqc                                            [DEBUG  ]  No samples found: conpair
[2018-06-30 16:13:19,641] multiqc                                            [DEBUG  ]  No samples found: peddy
[2018-06-30 16:13:19,665] multiqc                                            [DEBUG  ]  No samples found: methylQA
[2018-06-30 16:13:19,716] multiqc                                            [DEBUG  ]  No samples found: qualimap
[2018-06-30 16:13:19,745] multiqc                                            [DEBUG  ]  No samples found: preseq
[2018-06-30 16:13:19,765] multiqc                                            [DEBUG  ]  No samples found: quast
[2018-06-30 16:13:19,794] multiqc                                            [DEBUG  ]  No samples found: qorts
[2018-06-30 16:13:19,821] multiqc                                            [DEBUG  ]  No samples found: rna_seqc
[2018-06-30 16:13:19,864] multiqc                                            [DEBUG  ]  No samples found: rsem
[2018-06-30 16:13:19,920] multiqc                                            [DEBUG  ]  No samples found: rseqc
[2018-06-30 16:13:19,931] multiqc                                            [DEBUG  ]  No samples found: busco
[2018-06-30 16:13:19,953] multiqc                                            [DEBUG  ]  No samples found: goleft_indexcov
[2018-06-30 16:13:19,969] multiqc                                            [DEBUG  ]  No samples found: disambiguate
[2018-06-30 16:13:19,995] multiqc                                            [DEBUG  ]  No samples found: supernova
[2018-06-30 16:13:20,105] multiqc                                            [DEBUG  ]  No samples found: deeptools
[2018-06-30 16:13:20,134] multiqc                                            [DEBUG  ]  No samples found: sargasso
[2018-06-30 16:13:20,168] multiqc                                            [DEBUG  ]  No samples found: verifybamid
[2018-06-30 16:13:20,207] multiqc                                            [DEBUG  ]  No samples found: homer
[2018-06-30 16:13:20,232] multiqc                                            [DEBUG  ]  No samples found: macs2
[2018-06-30 16:13:20,242] multiqc                                            [DEBUG  ]  No samples found: theta2
[2018-06-30 16:13:20,264] multiqc                                            [DEBUG  ]  No samples found: snpeff
[2018-06-30 16:13:20,301] multiqc                                            [DEBUG  ]  No samples found: gatk
[2018-06-30 16:13:20,315] multiqc                                            [DEBUG  ]  No samples found: htseq
[2018-06-30 16:13:20,341] multiqc                                            [DEBUG  ]  No samples found: bcftools
[2018-06-30 16:13:20,353] multiqc                                            [DEBUG  ]  No samples found: featureCounts
[2018-06-30 16:13:20,366] multiqc                                            [DEBUG  ]  No samples found: dedup
[2018-06-30 16:13:20,529] multiqc                                            [DEBUG  ]  No samples found: picard
[2018-06-30 16:13:20,557] multiqc                                            [DEBUG  ]  No samples found: prokka
[2018-06-30 16:13:20,571] multiqc                                            [DEBUG  ]  No samples found: samblaster
[2018-06-30 16:13:20,679] multiqc                                            [DEBUG  ]  No samples found: samtools
[2018-06-30 16:13:20,699] multiqc                                            [DEBUG  ]  No samples found: bamtools
[2018-06-30 16:13:20,712] multiqc                                            [DEBUG  ]  No samples found: jellyfish
[2018-06-30 16:13:20,738] multiqc                                            [DEBUG  ]  No samples found: vcftools
[2018-06-30 16:13:20,771] multiqc                                            [DEBUG  ]  No samples found: longranger
[2018-06-30 16:13:20,847] multiqc                                            [DEBUG  ]  No samples found: bbmap
[2018-06-30 16:13:20,874] multiqc                                            [DEBUG  ]  No samples found: bismark
[2018-06-30 16:13:20,911] multiqc                                            [DEBUG  ]  No samples found: hicexplorer
[2018-06-30 16:13:20,931] multiqc                                            [DEBUG  ]  No samples found: hicup
[2018-06-30 16:13:20,943] multiqc                                            [DEBUG  ]  No samples found: salmon
[2018-06-30 16:13:20,960] multiqc                                            [DEBUG  ]  No samples found: kallisto
[2018-06-30 16:13:21,019] multiqc                                            [DEBUG  ]  No samples found: slamdunk
[2018-06-30 16:13:21,055] multiqc                                            [DEBUG  ]  No samples found: star
[2018-06-30 16:13:21,141] multiqc.modules.hisat2.hisat2                      [INFO   ]  Found 94 reports
[2018-06-30 16:13:21,209] multiqc                                            [DEBUG  ]  No samples found: tophat
[2018-06-30 16:13:21,233] multiqc                                            [DEBUG  ]  No samples found: bowtie2
[2018-06-30 16:13:21,258] multiqc                                            [DEBUG  ]  No samples found: bowtie1
[2018-06-30 16:13:21,272] multiqc                                            [DEBUG  ]  No samples found: leehom
[2018-06-30 16:13:21,306] multiqc                                            [DEBUG  ]  No samples found: adapterRemoval
[2018-06-30 16:13:21,322] multiqc                                            [DEBUG  ]  No samples found: clipandmerge
[2018-06-30 16:13:21,925] multiqc.modules.cutadapt.cutadapt                  [INFO   ]  Found 96 reports
[2018-06-30 16:13:24,914] multiqc                                            [DEBUG  ]  No samples found: flexbar
[2018-06-30 16:13:24,923] multiqc                                            [DEBUG  ]  No samples found: trimmomatic
[2018-06-30 16:13:24,938] multiqc                                            [DEBUG  ]  No samples found: skewer
[2018-06-30 16:13:24,949] multiqc                                            [DEBUG  ]  No samples found: sortmerna
[2018-06-30 16:13:24,961] multiqc                                            [DEBUG  ]  No samples found: biobloomtools
[2018-06-30 16:13:24,986] multiqc                                            [DEBUG  ]  No samples found: fastq_screen
[2018-06-30 16:13:25,023] multiqc                                            [DEBUG  ]  No samples found: afterqc
[2018-06-30 16:13:36,892] multiqc.modules.fastqc.fastqc                      [INFO   ]  Found 240 reports
[2018-06-30 16:13:57,204] multiqc                                            [DEBUG  ]  No samples found: clusterflow
[2018-06-30 16:13:57,229] multiqc                                            [DEBUG  ]  No samples found: bcl2fastq
[2018-06-30 16:13:57,250] multiqc                                            [DEBUG  ]  No samples found: interop
[2018-06-30 16:13:57,595] multiqc                                            [INFO   ]  Compressing plot data
[2018-06-30 16:13:57,642] multiqc                                            [INFO   ]  Report      : output/multiqc_report.html
[2018-06-30 16:13:57,642] multiqc                                            [INFO   ]  Data        : output/multiqc_data
[2018-06-30 16:13:57,644] multiqc                                            [DEBUG  ]  Moving data file from '/scratch/fanslerm/tmp5h868jre/multiqc_data/multiqc_hisat2.txt' to 'output/multiqc_data'
[2018-06-30 16:13:57,646] multiqc                                            [DEBUG  ]  Moving data file from '/scratch/fanslerm/tmp5h868jre/multiqc_data/multiqc_cutadapt.txt' to 'output/multiqc_data'
[2018-06-30 16:13:57,648] multiqc                                            [DEBUG  ]  Moving data file from '/scratch/fanslerm/tmp5h868jre/multiqc_data/mqc_cutadapt_plot_Counts.txt' to 'output/multiqc_data'
[2018-06-30 16:13:57,650] multiqc                                            [DEBUG  ]  Moving data file from '/scratch/fanslerm/tmp5h868jre/multiqc_data/mqc_cutadapt_plot_Obs_Exp.txt' to 'output/multiqc_data'
[2018-06-30 16:13:57,651] multiqc                                            [DEBUG  ]  Moving data file from '/scratch/fanslerm/tmp5h868jre/multiqc_data/multiqc_fastqc.txt' to 'output/multiqc_data'
[2018-06-30 16:13:57,652] multiqc                                            [DEBUG  ]  Moving data file from '/scratch/fanslerm/tmp5h868jre/multiqc_data/mqc_fastqc_sequence_counts_plot_1.txt' to 'output/multiqc_data'
[2018-06-30 16:13:57,653] multiqc                                            [DEBUG  ]  Moving data file from '/scratch/fanslerm/tmp5h868jre/multiqc_data/mqc_fastqc_per_base_sequence_quality_plot_1.txt' to 'output/multiqc_data'
[2018-06-30 16:13:57,655] multiqc                                            [DEBUG  ]  Moving data file from '/scratch/fanslerm/tmp5h868jre/multiqc_data/mqc_fastqc_per_sequence_quality_scores_plot_1.txt' to 'output/multiqc_data'
[2018-06-30 16:13:57,658] multiqc                                            [DEBUG  ]  Moving data file from '/scratch/fanslerm/tmp5h868jre/multiqc_data/mqc_fastqc_per_sequence_gc_content_plot_Percentages.txt' to 'output/multiqc_data'
[2018-06-30 16:13:57,659] multiqc                                            [DEBUG  ]  Moving data file from '/scratch/fanslerm/tmp5h868jre/multiqc_data/mqc_fastqc_per_sequence_gc_content_plot_Counts.txt' to 'output/multiqc_data'
[2018-06-30 16:13:57,661] multiqc                                            [DEBUG  ]  Moving data file from '/scratch/fanslerm/tmp5h868jre/multiqc_data/mqc_fastqc_per_base_n_content_plot_1.txt' to 'output/multiqc_data'
[2018-06-30 16:13:57,663] multiqc                                            [DEBUG  ]  Moving data file from '/scratch/fanslerm/tmp5h868jre/multiqc_data/mqc_fastqc_sequence_length_distribution_plot_1.txt' to 'output/multiqc_data'
[2018-06-30 16:13:57,666] multiqc                                            [DEBUG  ]  Moving data file from '/scratch/fanslerm/tmp5h868jre/multiqc_data/mqc_fastqc_sequence_duplication_levels_plot_1.txt' to 'output/multiqc_data'
[2018-06-30 16:13:57,667] multiqc                                            [DEBUG  ]  Moving data file from '/scratch/fanslerm/tmp5h868jre/multiqc_data/mqc_fastqc_overrepresented_sequencesi_plot_1.txt' to 'output/multiqc_data'
[2018-06-30 16:13:57,668] multiqc                                            [DEBUG  ]  Moving data file from '/scratch/fanslerm/tmp5h868jre/multiqc_data/mqc_fastqc_adapter_content_plot_1.txt' to 'output/multiqc_data'
[2018-06-30 16:13:57,670] multiqc                                            [DEBUG  ]  Moving data file from '/scratch/fanslerm/tmp5h868jre/multiqc_data/multiqc_general_stats.txt' to 'output/multiqc_data'
[2018-06-30 16:13:57,672] multiqc                                            [DEBUG  ]  Moving data file from '/scratch/fanslerm/tmp5h868jre/multiqc_data/multiqc_sources.txt' to 'output/multiqc_data'
[2018-06-30 16:13:57,673] multiqc                                            [DEBUG  ]  Moving data file from '/scratch/fanslerm/tmp5h868jre/multiqc_data/multiqc_data.json' to 'output/multiqc_data'
[2018-06-30 16:13:58,357] multiqc                                            [INFO   ]  MultiQC complete
