Sender: LSF System <lsfadmin@lt04>
Subject: Job 4137621: <fastqc_clean> in cluster <lila> Done

Job <fastqc_clean> was submitted from host <lt06> by user <fanslerm> in cluster <lila> at Sat Jun 30 01:51:45 2018.
Job was executed on host(s) <lt04>, in queue <cpuqueue>, as user <fanslerm> in cluster <lila> at Sat Jun 30 01:51:49 2018.
</home/fanslerm> was used as the home directory.
</home/fanslerm/projects/mca> was used as the working directory.
Started at Sat Jun 30 01:51:49 2018.
Terminated at Sat Jun 30 01:52:42 2018.
Results reported at Sat Jun 30 01:52:42 2018.

Your job looked like:

------------------------------------------------------------
# LSBATCH: User input
/lila/home/fanslerm/projects/mca/.snakemake/tmp.9sytbma4/snakejob.fastqc_clean.309.sh
------------------------------------------------------------

Successfully completed.

Resource usage summary:

    CPU time :                                   38.60 sec.
    Max Memory :                                 -
    Average Memory :                             -
    Total Requested Memory :                     8.00 GB
    Delta Memory :                               -
    Max Swap :                                   -
    Max Processes :                              5
    Max Threads :                                36
    Run time :                                   55 sec.
    Turnaround time :                            57 sec.

The output (if any) follows:

Analysis complete for SRR6954501.unassembled_1.clean.fastq.gz
Loading annotation data...
Loaded annotations for 266277 cells from 73 libraries and 42 tissues, comprising 818 clusters.
This included:
	146378 adult cells from 47 libraries and 23 tissues, comprising 499 clusters;
	28828 neonatal cells from 11 libraries and 6 tissues, comprising 124 clusters.
	54272 embryonic cells from 12 libraries and 10 tissues, comprising 183 clusters.
	36799 stem cells from 3 libraries and 3 tissues, comprising 12 clusters.


PS:

Read file <logs/lsf/fastqc_clean/4137621.err> for stderr output of this job.

