[Sat Jun 30 02:28:03 2018] Building DAG of jobs...
[Sat Jun 30 02:28:03 2018] Using shell: /usr/bin/bash
[Sat Jun 30 02:28:03 2018] Provided cores: 1
[Sat Jun 30 02:28:03 2018] Rules claiming more threads will be scaled down.
[Sat Jun 30 02:28:03 2018] Job counts:
[Sat Jun 30 02:28:03 2018] 	count	jobs
[Sat Jun 30 02:28:03 2018] 	1	fastqc_clean
[Sat Jun 30 02:28:03 2018] 	1

[Sat Jun 30 02:28:03 2018] rule fastqc_clean:
[Sat Jun 30 02:28:03 2018]     input: data/fastq/trimmed/SRR6954498.assembled.clean.fastq.gz
[Sat Jun 30 02:28:03 2018]     output: qc/trimmed/SRR6954498.assembled.clean_fastqc.html, qc/trimmed/SRR6954498.assembled.clean_fastqc.zip
[Sat Jun 30 02:28:03 2018]     jobid: 0
[Sat Jun 30 02:28:03 2018]     wildcards: srr=SRR6954498, readtype=assembled

Started analysis of SRR6954498.assembled.clean.fastq.gz
Approx 5% complete for SRR6954498.assembled.clean.fastq.gz
Approx 10% complete for SRR6954498.assembled.clean.fastq.gz
Approx 15% complete for SRR6954498.assembled.clean.fastq.gz
Approx 20% complete for SRR6954498.assembled.clean.fastq.gz
Approx 25% complete for SRR6954498.assembled.clean.fastq.gz
Approx 30% complete for SRR6954498.assembled.clean.fastq.gz
Approx 35% complete for SRR6954498.assembled.clean.fastq.gz
Approx 40% complete for SRR6954498.assembled.clean.fastq.gz
Approx 45% complete for SRR6954498.assembled.clean.fastq.gz
Approx 50% complete for SRR6954498.assembled.clean.fastq.gz
Approx 55% complete for SRR6954498.assembled.clean.fastq.gz
Approx 60% complete for SRR6954498.assembled.clean.fastq.gz
Approx 65% complete for SRR6954498.assembled.clean.fastq.gz
Approx 70% complete for SRR6954498.assembled.clean.fastq.gz
Approx 75% complete for SRR6954498.assembled.clean.fastq.gz
Approx 80% complete for SRR6954498.assembled.clean.fastq.gz
Approx 85% complete for SRR6954498.assembled.clean.fastq.gz
Approx 90% complete for SRR6954498.assembled.clean.fastq.gz
Approx 95% complete for SRR6954498.assembled.clean.fastq.gz
[Sat Jun 30 02:30:46 2018] Finished job 0.
[Sat Jun 30 02:30:46 2018] 1 of 1 steps (100%) done
