[Mon May 28 00:37:31 2018] Building DAG of jobs...
[Mon May 28 00:37:31 2018] Using shell: /usr/bin/bash
[Mon May 28 00:37:31 2018] Provided cores: 8
[Mon May 28 00:37:31 2018] Rules claiming more threads will be scaled down.
[Mon May 28 00:37:31 2018] Job counts:
[Mon May 28 00:37:31 2018] 	count	jobs
[Mon May 28 00:37:31 2018] 	1	fastqdump_sra
[Mon May 28 00:37:31 2018] 	1

[Mon May 28 00:37:31 2018] rule fastqdump_sra:
[Mon May 28 00:37:31 2018]     input: data/sra/SRR6954506.sra
[Mon May 28 00:37:31 2018]     output: data/fastq/raw/SRR6954506_1.fastq.gz, data/fastq/raw/SRR6954506_2.fastq.gz
[Mon May 28 00:37:31 2018]     jobid: 0
[Mon May 28 00:37:31 2018]     wildcards: srr=SRR6954506
[Mon May 28 00:37:31 2018]     threads: 8

SRR ids: ['data/sra/SRR6954506.sra']
extra args: ['--split-files', '--gzip']
tempdir: /scratch/fanslerm/pfd_ju8y2rdw
data/sra/SRR6954506.sra spots: 82436033
blocks: [[1, 10304504], [10304505, 20609008], [20609009, 30913512], [30913513, 41218016], [41218017, 51522520], [51522521, 61827024], [61827025, 72131528], [72131529, 82436033]]
[Mon May 28 00:57:47 2018] Finished job 0.
[Mon May 28 00:57:47 2018] 1 of 1 steps (100%) done
