[Mon May 28 00:37:30 2018] Building DAG of jobs...
[Mon May 28 00:37:30 2018] Using shell: /usr/bin/bash
[Mon May 28 00:37:30 2018] Provided cores: 8
[Mon May 28 00:37:30 2018] Rules claiming more threads will be scaled down.
[Mon May 28 00:37:30 2018] Job counts:
[Mon May 28 00:37:30 2018] 	count	jobs
[Mon May 28 00:37:30 2018] 	1	fastqdump_sra
[Mon May 28 00:37:30 2018] 	1

[Mon May 28 00:37:30 2018] rule fastqdump_sra:
[Mon May 28 00:37:30 2018]     input: data/sra/SRR6954507.sra
[Mon May 28 00:37:30 2018]     output: data/fastq/raw/SRR6954507_1.fastq.gz, data/fastq/raw/SRR6954507_2.fastq.gz
[Mon May 28 00:37:30 2018]     jobid: 0
[Mon May 28 00:37:30 2018]     wildcards: srr=SRR6954507
[Mon May 28 00:37:30 2018]     threads: 8

SRR ids: ['data/sra/SRR6954507.sra']
extra args: ['--split-files', '--gzip']
tempdir: /scratch/fanslerm/pfd_52f61ik8
data/sra/SRR6954507.sra spots: 166251631
blocks: [[1, 20781453], [20781454, 41562906], [41562907, 62344359], [62344360, 83125812], [83125813, 103907265], [103907266, 124688718], [124688719, 145470171], [145470172, 166251631]]
[Mon May 28 01:20:37 2018] Finished job 0.
[Mon May 28 01:20:37 2018] 1 of 1 steps (100%) done
