[Mon May 28 00:37:31 2018] Building DAG of jobs...
[Mon May 28 00:37:31 2018] Using shell: /usr/bin/bash
[Mon May 28 00:37:31 2018] Provided cores: 8
[Mon May 28 00:37:31 2018] Rules claiming more threads will be scaled down.
[Mon May 28 00:37:31 2018] Job counts:
[Mon May 28 00:37:31 2018] 	count	jobs
[Mon May 28 00:37:31 2018] 	1	fastqdump_sra
[Mon May 28 00:37:31 2018] 	1

[Mon May 28 00:37:31 2018] rule fastqdump_sra:
[Mon May 28 00:37:31 2018]     input: data/sra/SRR6954509.sra
[Mon May 28 00:37:31 2018]     output: data/fastq/raw/SRR6954509_1.fastq.gz, data/fastq/raw/SRR6954509_2.fastq.gz
[Mon May 28 00:37:31 2018]     jobid: 0
[Mon May 28 00:37:31 2018]     wildcards: srr=SRR6954509
[Mon May 28 00:37:31 2018]     threads: 8

SRR ids: ['data/sra/SRR6954509.sra']
extra args: ['--split-files', '--gzip']
tempdir: /scratch/fanslerm/pfd_d1fzbfm8
data/sra/SRR6954509.sra spots: 176143140
blocks: [[1, 22017892], [22017893, 44035784], [44035785, 66053676], [66053677, 88071568], [88071569, 110089460], [110089461, 132107352], [132107353, 154125244], [154125245, 176143140]]
[Mon May 28 01:20:55 2018] Finished job 0.
[Mon May 28 01:20:55 2018] 1 of 1 steps (100%) done
