[Mon May 28 00:09:00 2018] Building DAG of jobs...
[Mon May 28 00:09:00 2018] Using shell: /usr/bin/bash
[Mon May 28 00:09:00 2018] Provided cores: 8
[Mon May 28 00:09:00 2018] Rules claiming more threads will be scaled down.
[Mon May 28 00:09:00 2018] Job counts:
[Mon May 28 00:09:00 2018] 	count	jobs
[Mon May 28 00:09:00 2018] 	1	fastqdump_sra
[Mon May 28 00:09:00 2018] 	1

[Mon May 28 00:09:00 2018] rule fastqdump_sra:
[Mon May 28 00:09:00 2018]     input: data/sra/SRR6954567.sra
[Mon May 28 00:09:00 2018]     output: data/fastq/raw/SRR6954567_1.fastq.gz, data/fastq/raw/SRR6954567_2.fastq.gz
[Mon May 28 00:09:00 2018]     jobid: 0
[Mon May 28 00:09:00 2018]     wildcards: srr=SRR6954567
[Mon May 28 00:09:00 2018]     threads: 8

SRR ids: ['data/sra/SRR6954567.sra']
extra args: ['--split-files', '--gzip']
tempdir: /scratch/fanslerm/pfd_9lyus5fh
data/sra/SRR6954567.sra spots: 25874031
blocks: [[1, 3234253], [3234254, 6468506], [6468507, 9702759], [9702760, 12937012], [12937013, 16171265], [16171266, 19405518], [19405519, 22639771], [22639772, 25874031]]
[Mon May 28 00:15:24 2018] Finished job 0.
[Mon May 28 00:15:24 2018] 1 of 1 steps (100%) done
