[Mon May 28 00:37:30 2018] Building DAG of jobs...
[Mon May 28 00:37:30 2018] Using shell: /usr/bin/bash
[Mon May 28 00:37:30 2018] Provided cores: 8
[Mon May 28 00:37:30 2018] Rules claiming more threads will be scaled down.
[Mon May 28 00:37:30 2018] Job counts:
[Mon May 28 00:37:30 2018] 	count	jobs
[Mon May 28 00:37:30 2018] 	1	fastqdump_sra
[Mon May 28 00:37:30 2018] 	1

[Mon May 28 00:37:30 2018] rule fastqdump_sra:
[Mon May 28 00:37:30 2018]     input: data/sra/SRR6954508.sra
[Mon May 28 00:37:30 2018]     output: data/fastq/raw/SRR6954508_1.fastq.gz, data/fastq/raw/SRR6954508_2.fastq.gz
[Mon May 28 00:37:30 2018]     jobid: 0
[Mon May 28 00:37:30 2018]     wildcards: srr=SRR6954508
[Mon May 28 00:37:30 2018]     threads: 8

SRR ids: ['data/sra/SRR6954508.sra']
extra args: ['--split-files', '--gzip']
tempdir: /scratch/fanslerm/pfd_xkbqoa0l
data/sra/SRR6954508.sra spots: 84448014
blocks: [[1, 10556001], [10556002, 21112002], [21112003, 31668003], [31668004, 42224004], [42224005, 52780005], [52780006, 63336006], [63336007, 73892007], [73892008, 84448014]]
[Mon May 28 00:58:22 2018] Finished job 0.
[Mon May 28 00:58:22 2018] 1 of 1 steps (100%) done
