[Sun May 27 23:24:03 2018] Building DAG of jobs...
[Sun May 27 23:24:04 2018] Using shell: /usr/bin/bash
[Sun May 27 23:24:04 2018] Provided cores: 8
[Sun May 27 23:24:04 2018] Rules claiming more threads will be scaled down.
[Sun May 27 23:24:04 2018] Job counts:
[Sun May 27 23:24:04 2018] 	count	jobs
[Sun May 27 23:24:04 2018] 	1	fastqdump_sra
[Sun May 27 23:24:04 2018] 	1

[Sun May 27 23:24:04 2018] rule fastqdump_sra:
[Sun May 27 23:24:04 2018]     input: data/sra/SRR6954566.sra
[Sun May 27 23:24:04 2018]     output: data/fastq/raw/SRR6954566_1.fastq.gz, data/fastq/raw/SRR6954566_2.fastq.gz
[Sun May 27 23:24:04 2018]     jobid: 0
[Sun May 27 23:24:04 2018]     wildcards: srr=SRR6954566
[Sun May 27 23:24:04 2018]     threads: 8

[Sun May 27 23:24:05 2018]     Error in rule fastqdump_sra:
[Sun May 27 23:24:05 2018]         jobid: 0
[Sun May 27 23:24:05 2018]         output: data/fastq/raw/SRR6954566_1.fastq.gz, data/fastq/raw/SRR6954566_2.fastq.gz

[Sun May 27 23:24:05 2018] RuleException:
[Sun May 27 23:24:05 2018] CalledProcessError in line 82 of /lila/home/fanslerm/projects/mca/Snakefile:
[Sun May 27 23:24:05 2018] Command ' set -euo pipefail;  
[Sun May 27 23:24:05 2018]         parallel-fastq-dump -t 8 --tmpdir /scratch/fanslerm -O data/fastq/raw --split-files --gzip data/sra/SRR6954566.sra ' returned non-zero exit status 1.
[Sun May 27 23:24:05 2018]   File "/lila/home/fanslerm/projects/mca/Snakefile", line 82, in __rule_fastqdump_sra
[Sun May 27 23:24:05 2018]   File "/home/fanslerm/software/miniconda3/lib/python3.6/concurrent/futures/thread.py", line 55, in run
[Sun May 27 23:24:05 2018] Shutting down, this might take some time.
[Sun May 27 23:24:05 2018] Exiting because a job execution failed. Look above for error message
