[Mon May 28 00:37:30 2018] Building DAG of jobs...
[Mon May 28 00:37:30 2018] Using shell: /usr/bin/bash
[Mon May 28 00:37:30 2018] Provided cores: 8
[Mon May 28 00:37:30 2018] Rules claiming more threads will be scaled down.
[Mon May 28 00:37:30 2018] Job counts:
[Mon May 28 00:37:30 2018] 	count	jobs
[Mon May 28 00:37:30 2018] 	1	fastqdump_sra
[Mon May 28 00:37:30 2018] 	1

[Mon May 28 00:37:30 2018] rule fastqdump_sra:
[Mon May 28 00:37:30 2018]     input: data/sra/SRR6954504.sra
[Mon May 28 00:37:30 2018]     output: data/fastq/raw/SRR6954504_1.fastq.gz, data/fastq/raw/SRR6954504_2.fastq.gz
[Mon May 28 00:37:30 2018]     jobid: 0
[Mon May 28 00:37:30 2018]     wildcards: srr=SRR6954504
[Mon May 28 00:37:30 2018]     threads: 8

SRR ids: ['data/sra/SRR6954504.sra']
extra args: ['--split-files', '--gzip']
tempdir: /scratch/fanslerm/pfd_16bnje1y
data/sra/SRR6954504.sra spots: 49110512
blocks: [[1, 6138814], [6138815, 12277628], [12277629, 18416442], [18416443, 24555256], [24555257, 30694070], [30694071, 36832884], [36832885, 42971698], [42971699, 49110512]]
[Mon May 28 00:49:18 2018] Finished job 0.
[Mon May 28 00:49:18 2018] 1 of 1 steps (100%) done
