[Thu Jun 28 13:57:52 2018] Building DAG of jobs...
[Thu Jun 28 13:57:52 2018] Using shell: /usr/bin/bash
[Thu Jun 28 13:57:52 2018] Provided cores: 8
[Thu Jun 28 13:57:52 2018] Rules claiming more threads will be scaled down.
[Thu Jun 28 13:57:52 2018] Job counts:
[Thu Jun 28 13:57:52 2018] 	count	jobs
[Thu Jun 28 13:57:52 2018] 	1	fastqdump_sra
[Thu Jun 28 13:57:52 2018] 	1

[Thu Jun 28 13:57:52 2018] rule fastqdump_sra:
[Thu Jun 28 13:57:52 2018]     input: data/sra/SRR6954579.sra
[Thu Jun 28 13:57:52 2018]     output: data/fastq/raw/SRR6954579_1.fastq.gz, data/fastq/raw/SRR6954579_2.fastq.gz
[Thu Jun 28 13:57:52 2018]     jobid: 0
[Thu Jun 28 13:57:52 2018]     wildcards: srr=SRR6954579
[Thu Jun 28 13:57:52 2018]     threads: 8

SRR ids: ['data/sra/SRR6954579.sra']
extra args: ['--split-files', '--gzip']
tempdir: /scratch/fanslerm/pfd_velh8g02
data/sra/SRR6954579.sra spots: 180237541
blocks: [[1, 22529692], [22529693, 45059384], [45059385, 67589076], [67589077, 90118768], [90118769, 112648460], [112648461, 135178152], [135178153, 157707844], [157707845, 180237541]]
[Thu Jun 28 14:44:31 2018] Finished job 0.
[Thu Jun 28 14:44:31 2018] 1 of 1 steps (100%) done
