[Thu Jun 28 13:57:52 2018] Building DAG of jobs...
[Thu Jun 28 13:57:52 2018] Using shell: /usr/bin/bash
[Thu Jun 28 13:57:52 2018] Provided cores: 8
[Thu Jun 28 13:57:52 2018] Rules claiming more threads will be scaled down.
[Thu Jun 28 13:57:52 2018] Job counts:
[Thu Jun 28 13:57:52 2018] 	count	jobs
[Thu Jun 28 13:57:52 2018] 	1	fastqdump_sra
[Thu Jun 28 13:57:52 2018] 	1

[Thu Jun 28 13:57:52 2018] rule fastqdump_sra:
[Thu Jun 28 13:57:52 2018]     input: data/sra/SRR6954568.sra
[Thu Jun 28 13:57:52 2018]     output: data/fastq/raw/SRR6954568_1.fastq.gz, data/fastq/raw/SRR6954568_2.fastq.gz
[Thu Jun 28 13:57:52 2018]     jobid: 0
[Thu Jun 28 13:57:52 2018]     wildcards: srr=SRR6954568
[Thu Jun 28 13:57:52 2018]     threads: 8

SRR ids: ['data/sra/SRR6954568.sra']
extra args: ['--split-files', '--gzip']
tempdir: /scratch/fanslerm/pfd_5kouljse
data/sra/SRR6954568.sra spots: 33919184
blocks: [[1, 4239898], [4239899, 8479796], [8479797, 12719694], [12719695, 16959592], [16959593, 21199490], [21199491, 25439388], [25439389, 29679286], [29679287, 33919184]]
[Thu Jun 28 14:06:30 2018] Finished job 0.
[Thu Jun 28 14:06:30 2018] 1 of 1 steps (100%) done
