[Thu Jun 28 13:57:52 2018] Building DAG of jobs...
[Thu Jun 28 13:57:52 2018] Using shell: /usr/bin/bash
[Thu Jun 28 13:57:52 2018] Provided cores: 8
[Thu Jun 28 13:57:52 2018] Rules claiming more threads will be scaled down.
[Thu Jun 28 13:57:52 2018] Job counts:
[Thu Jun 28 13:57:52 2018] 	count	jobs
[Thu Jun 28 13:57:52 2018] 	1	fastqdump_sra
[Thu Jun 28 13:57:52 2018] 	1

[Thu Jun 28 13:57:52 2018] rule fastqdump_sra:
[Thu Jun 28 13:57:52 2018]     input: data/sra/SRR6954580.sra
[Thu Jun 28 13:57:52 2018]     output: data/fastq/raw/SRR6954580_1.fastq.gz, data/fastq/raw/SRR6954580_2.fastq.gz
[Thu Jun 28 13:57:52 2018]     jobid: 0
[Thu Jun 28 13:57:52 2018]     wildcards: srr=SRR6954580
[Thu Jun 28 13:57:52 2018]     threads: 8

SRR ids: ['data/sra/SRR6954580.sra']
extra args: ['--split-files', '--gzip']
tempdir: /scratch/fanslerm/pfd_t99wvvyn
data/sra/SRR6954580.sra spots: 29225663
blocks: [[1, 3653207], [3653208, 7306414], [7306415, 10959621], [10959622, 14612828], [14612829, 18266035], [18266036, 21919242], [21919243, 25572449], [25572450, 29225663]]
[Thu Jun 28 14:05:29 2018] Finished job 0.
[Thu Jun 28 14:05:29 2018] 1 of 1 steps (100%) done
