[Thu Jun 28 13:57:52 2018] Building DAG of jobs...
[Thu Jun 28 13:57:52 2018] Using shell: /usr/bin/bash
[Thu Jun 28 13:57:52 2018] Provided cores: 8
[Thu Jun 28 13:57:52 2018] Rules claiming more threads will be scaled down.
[Thu Jun 28 13:57:52 2018] Job counts:
[Thu Jun 28 13:57:52 2018] 	count	jobs
[Thu Jun 28 13:57:52 2018] 	1	fastqdump_sra
[Thu Jun 28 13:57:52 2018] 	1

[Thu Jun 28 13:57:52 2018] rule fastqdump_sra:
[Thu Jun 28 13:57:52 2018]     input: data/sra/SRR6954563.sra
[Thu Jun 28 13:57:52 2018]     output: data/fastq/raw/SRR6954563_1.fastq.gz, data/fastq/raw/SRR6954563_2.fastq.gz
[Thu Jun 28 13:57:52 2018]     jobid: 0
[Thu Jun 28 13:57:52 2018]     wildcards: srr=SRR6954563
[Thu Jun 28 13:57:52 2018]     threads: 8

SRR ids: ['data/sra/SRR6954563.sra']
extra args: ['--split-files', '--gzip']
tempdir: /scratch/fanslerm/pfd_mq2r7va3
data/sra/SRR6954563.sra spots: 47150676
blocks: [[1, 5893834], [5893835, 11787668], [11787669, 17681502], [17681503, 23575336], [23575337, 29469170], [29469171, 35363004], [35363005, 41256838], [41256839, 47150676]]
[Thu Jun 28 14:09:59 2018] Finished job 0.
[Thu Jun 28 14:09:59 2018] 1 of 1 steps (100%) done
