Sender: LSF System <lsfadmin@lt05>
Subject: Job 4130736: <fastqdump_sra> in cluster <lila> Done

Job <fastqdump_sra> was submitted from host <lt06> by user <fanslerm> in cluster <lila> at Thu Jun 28 13:57:41 2018.
Job was executed on host(s) <8*lt05>, in queue <cpuqueue>, as user <fanslerm> in cluster <lila> at Thu Jun 28 13:57:43 2018.
</home/fanslerm> was used as the home directory.
</home/fanslerm/projects/mca> was used as the working directory.
Started at Thu Jun 28 13:57:43 2018.
Terminated at Thu Jun 28 14:09:59 2018.
Results reported at Thu Jun 28 14:09:59 2018.

Your job looked like:

------------------------------------------------------------
# LSBATCH: User input
/lila/home/fanslerm/projects/mca/.snakemake/tmp._jhlwrbg/snakejob.fastqdump_sra.141.sh
------------------------------------------------------------

Successfully completed.

Resource usage summary:

    CPU time :                                   5138.54 sec.
    Max Memory :                                 -
    Average Memory :                             -
    Total Requested Memory :                     64.00 GB
    Delta Memory :                               -
    Max Swap :                                   -
    Max Processes :                              13
    Max Threads :                                23
    Run time :                                   737 sec.
    Turnaround time :                            738 sec.

The output (if any) follows:

Read 5893834 spots for data/sra/SRR6954563.sra
Written 5893834 spots for data/sra/SRR6954563.sra
Read 5893834 spots for data/sra/SRR6954563.sra
Written 5893834 spots for data/sra/SRR6954563.sra
Read 5893834 spots for data/sra/SRR6954563.sra
Written 5893834 spots for data/sra/SRR6954563.sra
Read 5893838 spots for data/sra/SRR6954563.sra
Written 5893838 spots for data/sra/SRR6954563.sra
Read 5893834 spots for data/sra/SRR6954563.sra
Written 5893834 spots for data/sra/SRR6954563.sra
Read 5893834 spots for data/sra/SRR6954563.sra
Written 5893834 spots for data/sra/SRR6954563.sra
Read 5893834 spots for data/sra/SRR6954563.sra
Written 5893834 spots for data/sra/SRR6954563.sra
Read 5893834 spots for data/sra/SRR6954563.sra
Written 5893834 spots for data/sra/SRR6954563.sra
Loading annotation data...
Loaded annotations for 266277 cells from 73 libraries and 42 tissues, comprising 818 clusters.
This included:
	146378 adult cells from 47 libraries and 23 tissues, comprising 499 clusters;
	28828 neonatal cells from 11 libraries and 6 tissues, comprising 124 clusters.
	54272 embryonic cells from 12 libraries and 10 tissues, comprising 183 clusters.
	36799 stem cells from 3 libraries and 3 tissues, comprising 12 clusters.


PS:

Read file <logs/lsf/fastqdump_sra/4130736.err> for stderr output of this job.

