[Thu Jun 28 13:57:52 2018] Building DAG of jobs...
[Thu Jun 28 13:57:52 2018] Using shell: /usr/bin/bash
[Thu Jun 28 13:57:52 2018] Provided cores: 8
[Thu Jun 28 13:57:52 2018] Rules claiming more threads will be scaled down.
[Thu Jun 28 13:57:52 2018] Job counts:
[Thu Jun 28 13:57:52 2018] 	count	jobs
[Thu Jun 28 13:57:52 2018] 	1	fastqdump_sra
[Thu Jun 28 13:57:52 2018] 	1

[Thu Jun 28 13:57:52 2018] rule fastqdump_sra:
[Thu Jun 28 13:57:52 2018]     input: data/sra/SRR6954564.sra
[Thu Jun 28 13:57:52 2018]     output: data/fastq/raw/SRR6954564_1.fastq.gz, data/fastq/raw/SRR6954564_2.fastq.gz
[Thu Jun 28 13:57:52 2018]     jobid: 0
[Thu Jun 28 13:57:52 2018]     wildcards: srr=SRR6954564
[Thu Jun 28 13:57:52 2018]     threads: 8

SRR ids: ['data/sra/SRR6954564.sra']
extra args: ['--split-files', '--gzip']
tempdir: /scratch/fanslerm/pfd_esuhaahs
data/sra/SRR6954564.sra spots: 51389209
blocks: [[1, 6423651], [6423652, 12847302], [12847303, 19270953], [19270954, 25694604], [25694605, 32118255], [32118256, 38541906], [38541907, 44965557], [44965558, 51389209]]
[Thu Jun 28 14:10:30 2018] Finished job 0.
[Thu Jun 28 14:10:30 2018] 1 of 1 steps (100%) done
