[Fri Jun 29 16:50:12 2018] Building DAG of jobs...
[Fri Jun 29 16:50:12 2018] Using shell: /usr/bin/bash
[Fri Jun 29 16:50:12 2018] Provided cores: 8
[Fri Jun 29 16:50:12 2018] Rules claiming more threads will be scaled down.
[Fri Jun 29 16:50:12 2018] Job counts:
[Fri Jun 29 16:50:12 2018] 	count	jobs
[Fri Jun 29 16:50:12 2018] 	1	fastqdump_sra
[Fri Jun 29 16:50:12 2018] 	1

[Fri Jun 29 16:50:12 2018] rule fastqdump_sra:
[Fri Jun 29 16:50:12 2018]     input: data/sra/SRR6954501.sra
[Fri Jun 29 16:50:12 2018]     output: data/fastq/raw/SRR6954501_1.fastq.gz, data/fastq/raw/SRR6954501_2.fastq.gz
[Fri Jun 29 16:50:12 2018]     jobid: 0
[Fri Jun 29 16:50:12 2018]     wildcards: srr=SRR6954501
[Fri Jun 29 16:50:12 2018]     threads: 8

SRR ids: ['data/sra/SRR6954501.sra']
extra args: ['--split-files', '--gzip']
tempdir: /scratch/fanslerm/pfd_8rnn4akp
data/sra/SRR6954501.sra spots: 52280543
blocks: [[1, 6535067], [6535068, 13070134], [13070135, 19605201], [19605202, 26140268], [26140269, 32675335], [32675336, 39210402], [39210403, 45745469], [45745470, 52280543]]
[Fri Jun 29 17:03:49 2018] Finished job 0.
[Fri Jun 29 17:03:49 2018] 1 of 1 steps (100%) done
