[Fri Jun 29 17:10:57 2018] Building DAG of jobs...
[Fri Jun 29 17:10:57 2018] Using shell: /usr/bin/bash
[Fri Jun 29 17:10:57 2018] Provided cores: 8
[Fri Jun 29 17:10:57 2018] Rules claiming more threads will be scaled down.
[Fri Jun 29 17:10:57 2018] Job counts:
[Fri Jun 29 17:10:57 2018] 	count	jobs
[Fri Jun 29 17:10:57 2018] 	1	fastqdump_sra
[Fri Jun 29 17:10:57 2018] 	1

[Fri Jun 29 17:10:57 2018] rule fastqdump_sra:
[Fri Jun 29 17:10:57 2018]     input: data/sra/SRR6954535.sra
[Fri Jun 29 17:10:57 2018]     output: data/fastq/raw/SRR6954535_1.fastq.gz, data/fastq/raw/SRR6954535_2.fastq.gz
[Fri Jun 29 17:10:57 2018]     jobid: 0
[Fri Jun 29 17:10:57 2018]     wildcards: srr=SRR6954535
[Fri Jun 29 17:10:57 2018]     threads: 8

SRR ids: ['data/sra/SRR6954535.sra']
extra args: ['--split-files', '--gzip']
tempdir: /scratch/fanslerm/pfd_jerbt5lb
data/sra/SRR6954535.sra spots: 89743937
blocks: [[1, 11217992], [11217993, 22435984], [22435985, 33653976], [33653977, 44871968], [44871969, 56089960], [56089961, 67307952], [67307953, 78525944], [78525945, 89743937]]
[Fri Jun 29 17:31:29 2018] Finished job 0.
[Fri Jun 29 17:31:29 2018] 1 of 1 steps (100%) done
