Sender: LSF System <lsfadmin@lg03>
Subject: Job 4136477: <fastqdump_sra> in cluster <lila> Done

Job <fastqdump_sra> was submitted from host <lt06> by user <fanslerm> in cluster <lila> at Fri Jun 29 16:10:15 2018.
Job was executed on host(s) <8*lg03>, in queue <cpuqueue>, as user <fanslerm> in cluster <lila> at Fri Jun 29 16:18:04 2018.
</home/fanslerm> was used as the home directory.
</home/fanslerm/projects/mca> was used as the working directory.
Started at Fri Jun 29 16:18:04 2018.
Terminated at Fri Jun 29 16:28:04 2018.
Results reported at Fri Jun 29 16:28:04 2018.

Your job looked like:

------------------------------------------------------------
# LSBATCH: User input
/lila/home/fanslerm/projects/mca/.snakemake/tmp.9sytbma4/snakejob.fastqdump_sra.416.sh
------------------------------------------------------------

Successfully completed.

Resource usage summary:

    CPU time :                                   4493.63 sec.
    Max Memory :                                 -
    Average Memory :                             -
    Total Requested Memory :                     64.00 GB
    Delta Memory :                               -
    Max Swap :                                   -
    Max Processes :                              13
    Max Threads :                                23
    Run time :                                   600 sec.
    Turnaround time :                            1069 sec.

The output (if any) follows:

Read 4505299 spots for data/sra/SRR6954561.sra
Written 4505299 spots for data/sra/SRR6954561.sra
Read 4505299 spots for data/sra/SRR6954561.sra
Written 4505299 spots for data/sra/SRR6954561.sra
Read 4505299 spots for data/sra/SRR6954561.sra
Written 4505299 spots for data/sra/SRR6954561.sra
Read 4505299 spots for data/sra/SRR6954561.sra
Written 4505299 spots for data/sra/SRR6954561.sra
Read 4505299 spots for data/sra/SRR6954561.sra
Written 4505299 spots for data/sra/SRR6954561.sra
Read 4505299 spots for data/sra/SRR6954561.sra
Written 4505299 spots for data/sra/SRR6954561.sra
Read 4505299 spots for data/sra/SRR6954561.sra
Written 4505299 spots for data/sra/SRR6954561.sra
Read 4505302 spots for data/sra/SRR6954561.sra
Written 4505302 spots for data/sra/SRR6954561.sra
Loading annotation data...
Loaded annotations for 266277 cells from 73 libraries and 42 tissues, comprising 818 clusters.
This included:
	146378 adult cells from 47 libraries and 23 tissues, comprising 499 clusters;
	28828 neonatal cells from 11 libraries and 6 tissues, comprising 124 clusters.
	54272 embryonic cells from 12 libraries and 10 tissues, comprising 183 clusters.
	36799 stem cells from 3 libraries and 3 tissues, comprising 12 clusters.


PS:

Read file <logs/lsf/fastqdump_sra/4136477.err> for stderr output of this job.

