[Fri Jun 29 17:12:24 2018] Building DAG of jobs...
[Fri Jun 29 17:12:24 2018] Using shell: /usr/bin/bash
[Fri Jun 29 17:12:24 2018] Provided cores: 8
[Fri Jun 29 17:12:24 2018] Rules claiming more threads will be scaled down.
[Fri Jun 29 17:12:24 2018] Job counts:
[Fri Jun 29 17:12:24 2018] 	count	jobs
[Fri Jun 29 17:12:24 2018] 	1	fastqdump_sra
[Fri Jun 29 17:12:24 2018] 	1

[Fri Jun 29 17:12:24 2018] rule fastqdump_sra:
[Fri Jun 29 17:12:24 2018]     input: data/sra/SRR6954540.sra
[Fri Jun 29 17:12:24 2018]     output: data/fastq/raw/SRR6954540_1.fastq.gz, data/fastq/raw/SRR6954540_2.fastq.gz
[Fri Jun 29 17:12:24 2018]     jobid: 0
[Fri Jun 29 17:12:24 2018]     wildcards: srr=SRR6954540
[Fri Jun 29 17:12:24 2018]     threads: 8

SRR ids: ['data/sra/SRR6954540.sra']
extra args: ['--split-files', '--gzip']
tempdir: /scratch/fanslerm/pfd_cnoprw42
data/sra/SRR6954540.sra spots: 126761745
blocks: [[1, 15845218], [15845219, 31690436], [31690437, 47535654], [47535655, 63380872], [63380873, 79226090], [79226091, 95071308], [95071309, 110916526], [110916527, 126761745]]
[Fri Jun 29 17:41:19 2018] Finished job 0.
[Fri Jun 29 17:41:19 2018] 1 of 1 steps (100%) done
