[Fri Jun 29 17:18:58 2018] Building DAG of jobs...
[Fri Jun 29 17:18:58 2018] Using shell: /usr/bin/bash
[Fri Jun 29 17:18:58 2018] Provided cores: 8
[Fri Jun 29 17:18:58 2018] Rules claiming more threads will be scaled down.
[Fri Jun 29 17:18:58 2018] Job counts:
[Fri Jun 29 17:18:58 2018] 	count	jobs
[Fri Jun 29 17:18:58 2018] 	1	fastqdump_sra
[Fri Jun 29 17:18:58 2018] 	1

[Fri Jun 29 17:18:58 2018] rule fastqdump_sra:
[Fri Jun 29 17:18:58 2018]     input: data/sra/SRR6954572.sra
[Fri Jun 29 17:18:58 2018]     output: data/fastq/raw/SRR6954572_1.fastq.gz, data/fastq/raw/SRR6954572_2.fastq.gz
[Fri Jun 29 17:18:58 2018]     jobid: 0
[Fri Jun 29 17:18:58 2018]     wildcards: srr=SRR6954572
[Fri Jun 29 17:18:58 2018]     threads: 8

SRR ids: ['data/sra/SRR6954572.sra']
extra args: ['--split-files', '--gzip']
tempdir: /scratch/fanslerm/pfd_2k5mxkr2
data/sra/SRR6954572.sra spots: 148398683
blocks: [[1, 18549835], [18549836, 37099670], [37099671, 55649505], [55649506, 74199340], [74199341, 92749175], [92749176, 111299010], [111299011, 129848845], [129848846, 148398683]]
[Fri Jun 29 17:55:04 2018] Finished job 0.
[Fri Jun 29 17:55:04 2018] 1 of 1 steps (100%) done
