[Fri Jun 29 17:31:43 2018] Building DAG of jobs...
[Fri Jun 29 17:31:43 2018] Using shell: /usr/bin/bash
[Fri Jun 29 17:31:43 2018] Provided cores: 8
[Fri Jun 29 17:31:43 2018] Rules claiming more threads will be scaled down.
[Fri Jun 29 17:31:43 2018] Job counts:
[Fri Jun 29 17:31:43 2018] 	count	jobs
[Fri Jun 29 17:31:43 2018] 	1	fastqdump_sra
[Fri Jun 29 17:31:43 2018] 	1

[Fri Jun 29 17:31:43 2018] rule fastqdump_sra:
[Fri Jun 29 17:31:43 2018]     input: data/sra/SRR6954562.sra
[Fri Jun 29 17:31:43 2018]     output: data/fastq/raw/SRR6954562_1.fastq.gz, data/fastq/raw/SRR6954562_2.fastq.gz
[Fri Jun 29 17:31:43 2018]     jobid: 0
[Fri Jun 29 17:31:43 2018]     wildcards: srr=SRR6954562
[Fri Jun 29 17:31:43 2018]     threads: 8

SRR ids: ['data/sra/SRR6954562.sra']
extra args: ['--split-files', '--gzip']
tempdir: /scratch/fanslerm/pfd_2y94oop3
data/sra/SRR6954562.sra spots: 166549141
blocks: [[1, 20818642], [20818643, 41637284], [41637285, 62455926], [62455927, 83274568], [83274569, 104093210], [104093211, 124911852], [124911853, 145730494], [145730495, 166549141]]
[Fri Jun 29 18:11:21 2018] Finished job 0.
[Fri Jun 29 18:11:21 2018] 1 of 1 steps (100%) done
