[Fri Jun 29 16:05:39 2018] Building DAG of jobs...
[Fri Jun 29 16:05:39 2018] Using shell: /usr/bin/bash
[Fri Jun 29 16:05:39 2018] Provided cores: 8
[Fri Jun 29 16:05:39 2018] Rules claiming more threads will be scaled down.
[Fri Jun 29 16:05:39 2018] Job counts:
[Fri Jun 29 16:05:39 2018] 	count	jobs
[Fri Jun 29 16:05:39 2018] 	1	fastqdump_sra
[Fri Jun 29 16:05:39 2018] 	1

[Fri Jun 29 16:05:39 2018] rule fastqdump_sra:
[Fri Jun 29 16:05:39 2018]     input: data/sra/SRR6954578.sra
[Fri Jun 29 16:05:39 2018]     output: data/fastq/raw/SRR6954578_1.fastq.gz, data/fastq/raw/SRR6954578_2.fastq.gz
[Fri Jun 29 16:05:39 2018]     jobid: 0
[Fri Jun 29 16:05:39 2018]     wildcards: srr=SRR6954578
[Fri Jun 29 16:05:39 2018]     threads: 8

SRR ids: ['data/sra/SRR6954578.sra']
extra args: ['--split-files', '--gzip']
tempdir: /scratch/fanslerm/pfd_6jfdw3_p
data/sra/SRR6954578.sra spots: 92063458
blocks: [[1, 11507932], [11507933, 23015864], [23015865, 34523796], [34523797, 46031728], [46031729, 57539660], [57539661, 69047592], [69047593, 80555524], [80555525, 92063458]]
[Fri Jun 29 16:30:50 2018] Finished job 0.
[Fri Jun 29 16:30:50 2018] 1 of 1 steps (100%) done
