[Fri Jun 29 16:05:39 2018] Building DAG of jobs...
[Fri Jun 29 16:05:39 2018] Using shell: /usr/bin/bash
[Fri Jun 29 16:05:39 2018] Provided cores: 8
[Fri Jun 29 16:05:39 2018] Rules claiming more threads will be scaled down.
[Fri Jun 29 16:05:39 2018] Job counts:
[Fri Jun 29 16:05:39 2018] 	count	jobs
[Fri Jun 29 16:05:39 2018] 	1	fastqdump_sra
[Fri Jun 29 16:05:39 2018] 	1

[Fri Jun 29 16:05:39 2018] rule fastqdump_sra:
[Fri Jun 29 16:05:39 2018]     input: data/sra/SRR6954510.sra
[Fri Jun 29 16:05:39 2018]     output: data/fastq/raw/SRR6954510_1.fastq.gz, data/fastq/raw/SRR6954510_2.fastq.gz
[Fri Jun 29 16:05:39 2018]     jobid: 0
[Fri Jun 29 16:05:39 2018]     wildcards: srr=SRR6954510
[Fri Jun 29 16:05:39 2018]     threads: 8

SRR ids: ['data/sra/SRR6954510.sra']
extra args: ['--split-files', '--gzip']
tempdir: /scratch/fanslerm/pfd_3h3u6056
data/sra/SRR6954510.sra spots: 105396531
blocks: [[1, 13174566], [13174567, 26349132], [26349133, 39523698], [39523699, 52698264], [52698265, 65872830], [65872831, 79047396], [79047397, 92221962], [92221963, 105396531]]
[Fri Jun 29 16:30:15 2018] Finished job 0.
[Fri Jun 29 16:30:15 2018] 1 of 1 steps (100%) done
