[Fri Jun 29 16:46:01 2018] Building DAG of jobs...
[Fri Jun 29 16:46:02 2018] Using shell: /usr/bin/bash
[Fri Jun 29 16:46:02 2018] Provided cores: 8
[Fri Jun 29 16:46:02 2018] Rules claiming more threads will be scaled down.
[Fri Jun 29 16:46:02 2018] Job counts:
[Fri Jun 29 16:46:02 2018] 	count	jobs
[Fri Jun 29 16:46:02 2018] 	1	fastqdump_sra
[Fri Jun 29 16:46:02 2018] 	1

[Fri Jun 29 16:46:02 2018] rule fastqdump_sra:
[Fri Jun 29 16:46:02 2018]     input: data/sra/SRR6954548.sra
[Fri Jun 29 16:46:02 2018]     output: data/fastq/raw/SRR6954548_1.fastq.gz, data/fastq/raw/SRR6954548_2.fastq.gz
[Fri Jun 29 16:46:02 2018]     jobid: 0
[Fri Jun 29 16:46:02 2018]     wildcards: srr=SRR6954548
[Fri Jun 29 16:46:02 2018]     threads: 8

SRR ids: ['data/sra/SRR6954548.sra']
extra args: ['--split-files', '--gzip']
tempdir: /scratch/fanslerm/pfd_artmtrtp
data/sra/SRR6954548.sra spots: 46296902
blocks: [[1, 5787112], [5787113, 11574224], [11574225, 17361336], [17361337, 23148448], [23148449, 28935560], [28935561, 34722672], [34722673, 40509784], [40509785, 46296902]]
[Fri Jun 29 16:58:54 2018] Finished job 0.
[Fri Jun 29 16:58:54 2018] 1 of 1 steps (100%) done
