[Fri Jun 29 17:11:09 2018] Building DAG of jobs...
[Fri Jun 29 17:11:10 2018] Using shell: /usr/bin/bash
[Fri Jun 29 17:11:10 2018] Provided cores: 8
[Fri Jun 29 17:11:10 2018] Rules claiming more threads will be scaled down.
[Fri Jun 29 17:11:10 2018] Job counts:
[Fri Jun 29 17:11:10 2018] 	count	jobs
[Fri Jun 29 17:11:10 2018] 	1	fastqdump_sra
[Fri Jun 29 17:11:10 2018] 	1

[Fri Jun 29 17:11:10 2018] rule fastqdump_sra:
[Fri Jun 29 17:11:10 2018]     input: data/sra/SRR6954498.sra
[Fri Jun 29 17:11:10 2018]     output: data/fastq/raw/SRR6954498_1.fastq.gz, data/fastq/raw/SRR6954498_2.fastq.gz
[Fri Jun 29 17:11:10 2018]     jobid: 0
[Fri Jun 29 17:11:10 2018]     wildcards: srr=SRR6954498
[Fri Jun 29 17:11:10 2018]     threads: 8

SRR ids: ['data/sra/SRR6954498.sra']
extra args: ['--split-files', '--gzip']
tempdir: /scratch/fanslerm/pfd_whxvxb21
data/sra/SRR6954498.sra spots: 110570912
blocks: [[1, 13821364], [13821365, 27642728], [27642729, 41464092], [41464093, 55285456], [55285457, 69106820], [69106821, 82928184], [82928185, 96749548], [96749549, 110570912]]
[Fri Jun 29 17:39:59 2018] Finished job 0.
[Fri Jun 29 17:39:59 2018] 1 of 1 steps (100%) done
