[Fri Jun 29 16:11:34 2018] Building DAG of jobs...
[Fri Jun 29 16:11:35 2018] Using shell: /usr/bin/bash
[Fri Jun 29 16:11:35 2018] Provided cores: 8
[Fri Jun 29 16:11:35 2018] Rules claiming more threads will be scaled down.
[Fri Jun 29 16:11:35 2018] Job counts:
[Fri Jun 29 16:11:35 2018] 	count	jobs
[Fri Jun 29 16:11:35 2018] 	1	fastqdump_sra
[Fri Jun 29 16:11:35 2018] 	1

[Fri Jun 29 16:11:35 2018] rule fastqdump_sra:
[Fri Jun 29 16:11:35 2018]     input: data/sra/SRR6954546.sra
[Fri Jun 29 16:11:35 2018]     output: data/fastq/raw/SRR6954546_1.fastq.gz, data/fastq/raw/SRR6954546_2.fastq.gz
[Fri Jun 29 16:11:35 2018]     jobid: 0
[Fri Jun 29 16:11:35 2018]     wildcards: srr=SRR6954546
[Fri Jun 29 16:11:35 2018]     threads: 8

SRR ids: ['data/sra/SRR6954546.sra']
extra args: ['--split-files', '--gzip']
tempdir: /scratch/fanslerm/pfd_fij56zja
data/sra/SRR6954546.sra spots: 28368631
blocks: [[1, 3546078], [3546079, 7092156], [7092157, 10638234], [10638235, 14184312], [14184313, 17730390], [17730391, 21276468], [21276469, 24822546], [24822547, 28368631]]
[Fri Jun 29 16:19:13 2018] Finished job 0.
[Fri Jun 29 16:19:13 2018] 1 of 1 steps (100%) done
