[Fri Jun 29 16:59:06 2018] Building DAG of jobs...
[Fri Jun 29 16:59:06 2018] Using shell: /usr/bin/bash
[Fri Jun 29 16:59:06 2018] Provided cores: 8
[Fri Jun 29 16:59:06 2018] Rules claiming more threads will be scaled down.
[Fri Jun 29 16:59:06 2018] Job counts:
[Fri Jun 29 16:59:06 2018] 	count	jobs
[Fri Jun 29 16:59:06 2018] 	1	fastqdump_sra
[Fri Jun 29 16:59:06 2018] 	1

[Fri Jun 29 16:59:06 2018] rule fastqdump_sra:
[Fri Jun 29 16:59:06 2018]     input: data/sra/SRR6954573.sra
[Fri Jun 29 16:59:06 2018]     output: data/fastq/raw/SRR6954573_1.fastq.gz, data/fastq/raw/SRR6954573_2.fastq.gz
[Fri Jun 29 16:59:06 2018]     jobid: 0
[Fri Jun 29 16:59:06 2018]     wildcards: srr=SRR6954573
[Fri Jun 29 16:59:06 2018]     threads: 8

SRR ids: ['data/sra/SRR6954573.sra']
extra args: ['--split-files', '--gzip']
tempdir: /scratch/fanslerm/pfd_txj034yv
data/sra/SRR6954573.sra spots: 51588486
blocks: [[1, 6448560], [6448561, 12897120], [12897121, 19345680], [19345681, 25794240], [25794241, 32242800], [32242801, 38691360], [38691361, 45139920], [45139921, 51588486]]
[Fri Jun 29 17:13:32 2018] Finished job 0.
[Fri Jun 29 17:13:32 2018] 1 of 1 steps (100%) done
