Sender: LSF System <lsfadmin@lt01>
Subject: Job 4136372: <fastqdump_sra> in cluster <lila> Exited

Job <fastqdump_sra> was submitted from host <lt06> by user <fanslerm> in cluster <lila> at Fri Jun 29 15:18:58 2018.
Job was executed on host(s) <8*lt01>, in queue <cpuqueue>, as user <fanslerm> in cluster <lila> at Fri Jun 29 15:18:58 2018.
</home/fanslerm> was used as the home directory.
</home/fanslerm/projects/mca> was used as the working directory.
Started at Fri Jun 29 15:18:58 2018.
Terminated at Fri Jun 29 15:22:32 2018.
Results reported at Fri Jun 29 15:22:32 2018.

Your job looked like:

------------------------------------------------------------
# LSBATCH: User input
/lila/home/fanslerm/projects/mca/.snakemake/tmp.9u3wobh1/snakejob.fastqdump_sra.400.sh
------------------------------------------------------------

TERM_OWNER: job killed by owner.
Exited with exit code 1.

Resource usage summary:

    CPU time :                                   1454.54 sec.
    Max Memory :                                 -
    Average Memory :                             -
    Total Requested Memory :                     64.00 GB
    Delta Memory :                               -
    Max Swap :                                   -
    Max Processes :                              13
    Max Threads :                                23
    Run time :                                   214 sec.
    Turnaround time :                            214 sec.

The output (if any) follows:

Loading annotation data...
Loaded annotations for 266277 cells from 73 libraries and 42 tissues, comprising 818 clusters.
This included:
	146378 adult cells from 47 libraries and 23 tissues, comprising 499 clusters;
	28828 neonatal cells from 11 libraries and 6 tissues, comprising 124 clusters.
	54272 embryonic cells from 12 libraries and 10 tissues, comprising 183 clusters.
	36799 stem cells from 3 libraries and 3 tissues, comprising 12 clusters.


PS:

Read file <logs/lsf/fastqdump_sra/4136372.err> for stderr output of this job.

