Sender: LSF System <lsfadmin@lt20>
Subject: Job 4136659: <fastqdump_sra> in cluster <lila> Done

Job <fastqdump_sra> was submitted from host <lt06> by user <fanslerm> in cluster <lila> at Fri Jun 29 16:17:00 2018.
Job was executed on host(s) <8*lt20>, in queue <cpuqueue>, as user <fanslerm> in cluster <lila> at Fri Jun 29 17:31:32 2018.
</home/fanslerm> was used as the home directory.
</home/fanslerm/projects/mca> was used as the working directory.
Started at Fri Jun 29 17:31:32 2018.
Terminated at Fri Jun 29 18:11:22 2018.
Results reported at Fri Jun 29 18:11:22 2018.

Your job looked like:

------------------------------------------------------------
# LSBATCH: User input
/lila/home/fanslerm/projects/mca/.snakemake/tmp.9sytbma4/snakejob.fastqdump_sra.480.sh
------------------------------------------------------------

Successfully completed.

Resource usage summary:

    CPU time :                                   18039.71 sec.
    Max Memory :                                 -
    Average Memory :                             -
    Total Requested Memory :                     64.00 GB
    Delta Memory :                               -
    Max Swap :                                   -
    Max Processes :                              13
    Max Threads :                                23
    Run time :                                   2390 sec.
    Turnaround time :                            6862 sec.

The output (if any) follows:

Read 20818642 spots for data/sra/SRR6954562.sra
Written 20818642 spots for data/sra/SRR6954562.sra
Read 20818642 spots for data/sra/SRR6954562.sra
Written 20818642 spots for data/sra/SRR6954562.sra
Read 20818642 spots for data/sra/SRR6954562.sra
Written 20818642 spots for data/sra/SRR6954562.sra
Read 20818642 spots for data/sra/SRR6954562.sra
Written 20818642 spots for data/sra/SRR6954562.sra
Read 20818642 spots for data/sra/SRR6954562.sra
Written 20818642 spots for data/sra/SRR6954562.sra
Read 20818642 spots for data/sra/SRR6954562.sra
Written 20818642 spots for data/sra/SRR6954562.sra
Read 20818647 spots for data/sra/SRR6954562.sra
Written 20818647 spots for data/sra/SRR6954562.sra
Read 20818642 spots for data/sra/SRR6954562.sra
Written 20818642 spots for data/sra/SRR6954562.sra
Loading annotation data...
Loaded annotations for 266277 cells from 73 libraries and 42 tissues, comprising 818 clusters.
This included:
	146378 adult cells from 47 libraries and 23 tissues, comprising 499 clusters;
	28828 neonatal cells from 11 libraries and 6 tissues, comprising 124 clusters.
	54272 embryonic cells from 12 libraries and 10 tissues, comprising 183 clusters.
	36799 stem cells from 3 libraries and 3 tissues, comprising 12 clusters.


PS:

Read file <logs/lsf/fastqdump_sra/4136659.err> for stderr output of this job.

