[Fri Jun 29 17:11:09 2018] Building DAG of jobs...
[Fri Jun 29 17:11:10 2018] Using shell: /usr/bin/bash
[Fri Jun 29 17:11:10 2018] Provided cores: 8
[Fri Jun 29 17:11:10 2018] Rules claiming more threads will be scaled down.
[Fri Jun 29 17:11:10 2018] Job counts:
[Fri Jun 29 17:11:10 2018] 	count	jobs
[Fri Jun 29 17:11:10 2018] 	1	fastqdump_sra
[Fri Jun 29 17:11:10 2018] 	1

[Fri Jun 29 17:11:10 2018] rule fastqdump_sra:
[Fri Jun 29 17:11:10 2018]     input: data/sra/SRR6954534.sra
[Fri Jun 29 17:11:10 2018]     output: data/fastq/raw/SRR6954534_1.fastq.gz, data/fastq/raw/SRR6954534_2.fastq.gz
[Fri Jun 29 17:11:10 2018]     jobid: 0
[Fri Jun 29 17:11:10 2018]     wildcards: srr=SRR6954534
[Fri Jun 29 17:11:10 2018]     threads: 8

SRR ids: ['data/sra/SRR6954534.sra']
extra args: ['--split-files', '--gzip']
tempdir: /scratch/fanslerm/pfd_01vqz0u7
data/sra/SRR6954534.sra spots: 101930580
blocks: [[1, 12741322], [12741323, 25482644], [25482645, 38223966], [38223967, 50965288], [50965289, 63706610], [63706611, 76447932], [76447933, 89189254], [89189255, 101930580]]
[Fri Jun 29 17:35:10 2018] Finished job 0.
[Fri Jun 29 17:35:10 2018] 1 of 1 steps (100%) done
