[Fri Jun 29 16:18:13 2018] Building DAG of jobs...
[Fri Jun 29 16:18:13 2018] Using shell: /usr/bin/bash
[Fri Jun 29 16:18:13 2018] Provided cores: 8
[Fri Jun 29 16:18:13 2018] Rules claiming more threads will be scaled down.
[Fri Jun 29 16:18:13 2018] Job counts:
[Fri Jun 29 16:18:13 2018] 	count	jobs
[Fri Jun 29 16:18:13 2018] 	1	fastqdump_sra
[Fri Jun 29 16:18:13 2018] 	1

[Fri Jun 29 16:18:13 2018] rule fastqdump_sra:
[Fri Jun 29 16:18:13 2018]     input: data/sra/SRR6954499.sra
[Fri Jun 29 16:18:13 2018]     output: data/fastq/raw/SRR6954499_1.fastq.gz, data/fastq/raw/SRR6954499_2.fastq.gz
[Fri Jun 29 16:18:13 2018]     jobid: 0
[Fri Jun 29 16:18:13 2018]     wildcards: srr=SRR6954499
[Fri Jun 29 16:18:13 2018]     threads: 8

SRR ids: ['data/sra/SRR6954499.sra']
extra args: ['--split-files', '--gzip']
tempdir: /scratch/fanslerm/pfd_mhknukvn
data/sra/SRR6954499.sra spots: 39426956
blocks: [[1, 4928369], [4928370, 9856738], [9856739, 14785107], [14785108, 19713476], [19713477, 24641845], [24641846, 29570214], [29570215, 34498583], [34498584, 39426956]]
[Fri Jun 29 16:27:20 2018] Finished job 0.
[Fri Jun 29 16:27:20 2018] 1 of 1 steps (100%) done
