[Fri Jun 29 16:08:56 2018] Building DAG of jobs...
[Fri Jun 29 16:08:56 2018] Using shell: /usr/bin/bash
[Fri Jun 29 16:08:56 2018] Provided cores: 8
[Fri Jun 29 16:08:56 2018] Rules claiming more threads will be scaled down.
[Fri Jun 29 16:08:56 2018] Job counts:
[Fri Jun 29 16:08:56 2018] 	count	jobs
[Fri Jun 29 16:08:56 2018] 	1	fastqdump_sra
[Fri Jun 29 16:08:56 2018] 	1

[Fri Jun 29 16:08:56 2018] rule fastqdump_sra:
[Fri Jun 29 16:08:56 2018]     input: data/sra/SRR6954545.sra
[Fri Jun 29 16:08:56 2018]     output: data/fastq/raw/SRR6954545_1.fastq.gz, data/fastq/raw/SRR6954545_2.fastq.gz
[Fri Jun 29 16:08:56 2018]     jobid: 0
[Fri Jun 29 16:08:56 2018]     wildcards: srr=SRR6954545
[Fri Jun 29 16:08:56 2018]     threads: 8

SRR ids: ['data/sra/SRR6954545.sra']
extra args: ['--split-files', '--gzip']
tempdir: /scratch/fanslerm/pfd_x9o2ub3d
data/sra/SRR6954545.sra spots: 25174267
blocks: [[1, 3146783], [3146784, 6293566], [6293567, 9440349], [9440350, 12587132], [12587133, 15733915], [15733916, 18880698], [18880699, 22027481], [22027482, 25174267]]
[Fri Jun 29 16:15:22 2018] Finished job 0.
[Fri Jun 29 16:15:22 2018] 1 of 1 steps (100%) done
