[Fri Jun 29 17:13:43 2018] Building DAG of jobs...
[Fri Jun 29 17:13:43 2018] Using shell: /usr/bin/bash
[Fri Jun 29 17:13:43 2018] Provided cores: 8
[Fri Jun 29 17:13:43 2018] Rules claiming more threads will be scaled down.
[Fri Jun 29 17:13:43 2018] Job counts:
[Fri Jun 29 17:13:43 2018] 	count	jobs
[Fri Jun 29 17:13:43 2018] 	1	fastqdump_sra
[Fri Jun 29 17:13:43 2018] 	1

[Fri Jun 29 17:13:43 2018] rule fastqdump_sra:
[Fri Jun 29 17:13:43 2018]     input: data/sra/SRR6954582.sra
[Fri Jun 29 17:13:43 2018]     output: data/fastq/raw/SRR6954582_1.fastq.gz, data/fastq/raw/SRR6954582_2.fastq.gz
[Fri Jun 29 17:13:43 2018]     jobid: 0
[Fri Jun 29 17:13:43 2018]     wildcards: srr=SRR6954582
[Fri Jun 29 17:13:43 2018]     threads: 8

SRR ids: ['data/sra/SRR6954582.sra']
extra args: ['--split-files', '--gzip']
tempdir: /scratch/fanslerm/pfd_ovmiufs0
data/sra/SRR6954582.sra spots: 137074079
blocks: [[1, 17134259], [17134260, 34268518], [34268519, 51402777], [51402778, 68537036], [68537037, 85671295], [85671296, 102805554], [102805555, 119939813], [119939814, 137074079]]
[Fri Jun 29 17:53:31 2018] Finished job 0.
[Fri Jun 29 17:53:31 2018] 1 of 1 steps (100%) done
