[Fri Jun 29 17:10:57 2018] Building DAG of jobs...
[Fri Jun 29 17:10:57 2018] Using shell: /usr/bin/bash
[Fri Jun 29 17:10:57 2018] Provided cores: 8
[Fri Jun 29 17:10:57 2018] Rules claiming more threads will be scaled down.
[Fri Jun 29 17:10:57 2018] Job counts:
[Fri Jun 29 17:10:57 2018] 	count	jobs
[Fri Jun 29 17:10:57 2018] 	1	fastqdump_sra
[Fri Jun 29 17:10:57 2018] 	1

[Fri Jun 29 17:10:57 2018] rule fastqdump_sra:
[Fri Jun 29 17:10:57 2018]     input: data/sra/SRR6954538.sra
[Fri Jun 29 17:10:57 2018]     output: data/fastq/raw/SRR6954538_1.fastq.gz, data/fastq/raw/SRR6954538_2.fastq.gz
[Fri Jun 29 17:10:57 2018]     jobid: 0
[Fri Jun 29 17:10:57 2018]     wildcards: srr=SRR6954538
[Fri Jun 29 17:10:57 2018]     threads: 8

SRR ids: ['data/sra/SRR6954538.sra']
extra args: ['--split-files', '--gzip']
tempdir: /scratch/fanslerm/pfd_4uwm_p6n
data/sra/SRR6954538.sra spots: 69825654
blocks: [[1, 8728206], [8728207, 17456412], [17456413, 26184618], [26184619, 34912824], [34912825, 43641030], [43641031, 52369236], [52369237, 61097442], [61097443, 69825654]]
[Fri Jun 29 17:25:15 2018] Finished job 0.
[Fri Jun 29 17:25:15 2018] 1 of 1 steps (100%) done
