[Fri Jun 29 17:25:27 2018] Building DAG of jobs...
[Fri Jun 29 17:25:27 2018] Using shell: /usr/bin/bash
[Fri Jun 29 17:25:27 2018] Provided cores: 8
[Fri Jun 29 17:25:27 2018] Rules claiming more threads will be scaled down.
[Fri Jun 29 17:25:27 2018] Job counts:
[Fri Jun 29 17:25:27 2018] 	count	jobs
[Fri Jun 29 17:25:27 2018] 	1	fastqdump_sra
[Fri Jun 29 17:25:27 2018] 	1

[Fri Jun 29 17:25:27 2018] rule fastqdump_sra:
[Fri Jun 29 17:25:27 2018]     input: data/sra/SRR6954560.sra
[Fri Jun 29 17:25:27 2018]     output: data/fastq/raw/SRR6954560_1.fastq.gz, data/fastq/raw/SRR6954560_2.fastq.gz
[Fri Jun 29 17:25:27 2018]     jobid: 0
[Fri Jun 29 17:25:27 2018]     wildcards: srr=SRR6954560
[Fri Jun 29 17:25:27 2018]     threads: 8

SRR ids: ['data/sra/SRR6954560.sra']
extra args: ['--split-files', '--gzip']
tempdir: /scratch/fanslerm/pfd_onooqh0i
data/sra/SRR6954560.sra spots: 142937940
blocks: [[1, 17867242], [17867243, 35734484], [35734485, 53601726], [53601727, 71468968], [71468969, 89336210], [89336211, 107203452], [107203453, 125070694], [125070695, 142937940]]
[Fri Jun 29 18:03:06 2018] Finished job 0.
[Fri Jun 29 18:03:06 2018] 1 of 1 steps (100%) done
