[Fri Jun 29 17:10:57 2018] Building DAG of jobs...
[Fri Jun 29 17:10:57 2018] Using shell: /usr/bin/bash
[Fri Jun 29 17:10:57 2018] Provided cores: 8
[Fri Jun 29 17:10:57 2018] Rules claiming more threads will be scaled down.
[Fri Jun 29 17:10:57 2018] Job counts:
[Fri Jun 29 17:10:57 2018] 	count	jobs
[Fri Jun 29 17:10:57 2018] 	1	fastqdump_sra
[Fri Jun 29 17:10:57 2018] 	1

[Fri Jun 29 17:10:57 2018] rule fastqdump_sra:
[Fri Jun 29 17:10:57 2018]     input: data/sra/SRR6954530.sra
[Fri Jun 29 17:10:57 2018]     output: data/fastq/raw/SRR6954530_1.fastq.gz, data/fastq/raw/SRR6954530_2.fastq.gz
[Fri Jun 29 17:10:57 2018]     jobid: 0
[Fri Jun 29 17:10:57 2018]     wildcards: srr=SRR6954530
[Fri Jun 29 17:10:57 2018]     threads: 8

SRR ids: ['data/sra/SRR6954530.sra']
extra args: ['--split-files', '--gzip']
tempdir: /scratch/fanslerm/pfd_jglht58t
data/sra/SRR6954530.sra spots: 96270883
blocks: [[1, 12033860], [12033861, 24067720], [24067721, 36101580], [36101581, 48135440], [48135441, 60169300], [60169301, 72203160], [72203161, 84237020], [84237021, 96270883]]
[Fri Jun 29 17:35:05 2018] Finished job 0.
[Fri Jun 29 17:35:05 2018] 1 of 1 steps (100%) done
