[Fri Jun 29 17:11:09 2018] Building DAG of jobs...
[Fri Jun 29 17:11:10 2018] Using shell: /usr/bin/bash
[Fri Jun 29 17:11:10 2018] Provided cores: 8
[Fri Jun 29 17:11:10 2018] Rules claiming more threads will be scaled down.
[Fri Jun 29 17:11:10 2018] Job counts:
[Fri Jun 29 17:11:10 2018] 	count	jobs
[Fri Jun 29 17:11:10 2018] 	1	fastqdump_sra
[Fri Jun 29 17:11:10 2018] 	1

[Fri Jun 29 17:11:10 2018] rule fastqdump_sra:
[Fri Jun 29 17:11:10 2018]     input: data/sra/SRR6954533.sra
[Fri Jun 29 17:11:10 2018]     output: data/fastq/raw/SRR6954533_1.fastq.gz, data/fastq/raw/SRR6954533_2.fastq.gz
[Fri Jun 29 17:11:10 2018]     jobid: 0
[Fri Jun 29 17:11:10 2018]     wildcards: srr=SRR6954533
[Fri Jun 29 17:11:10 2018]     threads: 8

SRR ids: ['data/sra/SRR6954533.sra']
extra args: ['--split-files', '--gzip']
tempdir: /scratch/fanslerm/pfd_1r5_recb
data/sra/SRR6954533.sra spots: 115712792
blocks: [[1, 14464099], [14464100, 28928198], [28928199, 43392297], [43392298, 57856396], [57856397, 72320495], [72320496, 86784594], [86784595, 101248693], [101248694, 115712792]]
[Fri Jun 29 17:39:36 2018] Finished job 0.
[Fri Jun 29 17:39:36 2018] 1 of 1 steps (100%) done
